<?xml version="1.0" encoding="UTF-8"?>
<!-- Generated by org.testng.reporters.JUnitReportReporter -->
<testsuite hostname="Z422" failures="0" tests="1" name="com.opencart.testcase.TC096_COnavigtetocopgtest" time="22.308" errors="0" timestamp="2023-01-09T00:30:29 IST" skipped="0">
  <testcase classname="com.opencart.testcase.TC096_COnavigtetocopgtest" name="checkOutNavigationFromHomePage" time="22.308"/>
  <system-out/>
</testsuite> <!-- com.opencart.testcase.TC096_COnavigtetocopgtest -->
