<?xml version="1.0" encoding="UTF-8"?>
<!-- Generated by org.testng.reporters.JUnitReportReporter -->
<testsuite hostname="Z422" failures="0" tests="1" name="com.opencart.testcase.TC041_FPandnavigatebacktest" time="1.737" errors="0" timestamp="2023-01-08T20:22:53 IST" skipped="0">
  <testcase classname="com.opencart.testcase.TC041_FPandnavigatebacktest" name="forgotPasswordAndNavigatingBack" time="1.737"/>
  <system-out/>
</testsuite> <!-- com.opencart.testcase.TC041_FPandnavigatebacktest -->
