<?xml version="1.0" encoding="UTF-8"?>
<!-- Generated by org.testng.reporters.JUnitReportReporter -->
<testsuite hostname="Z422" failures="0" tests="1" name="com.opencart.testcase.TC024_LFemptytextfieldtest" time="2.578" errors="0" timestamp="2023-01-08T16:39:14 IST" skipped="0">
  <testcase classname="com.opencart.testcase.TC024_LFemptytextfieldtest" name="loginWithEmptyTextField" time="2.578"/>
  <system-out/>
</testsuite> <!-- com.opencart.testcase.TC024_LFemptytextfieldtest -->
