<?xml version="1.0" encoding="UTF-8"?>
<!-- Generated by org.testng.reporters.JUnitReportReporter -->
<testsuite hostname="Z422" failures="0" tests="2" name="com.opencart.testcase.TC144_CUinvaliddatatest" time="4.623" errors="0" timestamp="2023-01-09T03:01:10 IST" skipped="0">
  <testcase classname="com.opencart.testcase.TC144_CUinvaliddatatest" name="contactUsWithInvalidCredentials" time="2.127"/>
  <system-out/>
  <testcase classname="com.opencart.testcase.TC144_CUinvaliddatatest" name="contactUsWithInvalidCredentials" time="2.496"/>
  <system-out/>
</testsuite> <!-- com.opencart.testcase.TC144_CUinvaliddatatest -->
