<?xml version="1.0" encoding="UTF-8"?>
<!-- Generated by org.testng.reporters.JUnitReportReporter -->
<testsuite hostname="Z422" failures="0" tests="1" name="com.opencart.testcase.TC013_RFplaceholdertest" time="6.696" errors="0" timestamp="2023-01-11T19:59:53 IST" skipped="0">
  <testcase classname="com.opencart.testcase.TC013_RFplaceholdertest" name="resgistringtestForPlaceholder" time="6.696"/>
  <system-out/>
</testsuite> <!-- com.opencart.testcase.TC013_RFplaceholdertest -->
