<?xml version="1.0" encoding="UTF-8"?>
<!-- Generated by org.testng.reporters.JUnitReportReporter -->
<testsuite hostname="Z422" failures="0" tests="1" name="com.opencart.testcase.TC105_CPupdatepasswordtest" time="11.681" errors="0" timestamp="2023-01-04T16:09:15 IST" skipped="0">
  <testcase classname="com.opencart.testcase.TC105_CPupdatepasswordtest" name="changePasswordByUpdatingWithNew" time="11.681"/>
  <system-out/>
</testsuite> <!-- com.opencart.testcase.TC105_CPupdatepasswordtest -->
