<?xml version="1.0" encoding="UTF-8"?>
<!-- Generated by org.testng.reporters.JUnitReportReporter -->
<testsuite hostname="Z422" failures="0" tests="1" name="com.opencart.testcase.TC099_COasguestusertest" time="25.728" errors="0" timestamp="2023-01-03T20:19:16 IST" skipped="0">
  <testcase classname="com.opencart.testcase.TC099_COasguestusertest" name="checkOutAsGuestUser" time="25.728"/>
  <system-out/>
</testsuite> <!-- com.opencart.testcase.TC099_COasguestusertest -->
