<?xml version="1.0" encoding="UTF-8"?>
<!-- Generated by org.testng.reporters.JUnitReportReporter -->
<testsuite hostname="Z422" failures="0" tests="1" name="com.opencart.testcase.TC098_COnaviagtetocheckouttest" time="14.566" errors="0" timestamp="2023-01-03T15:20:53 IST" skipped="0">
  <testcase classname="com.opencart.testcase.TC098_COnaviagtetocheckouttest" name="checkOutNavigationByItemBox" time="14.566"/>
  <system-out/>
</testsuite> <!-- com.opencart.testcase.TC098_COnaviagtetocheckouttest -->
