<?xml version="1.0" encoding="UTF-8"?>
<!-- Generated by org.testng.reporters.JUnitReportReporter -->
<testsuite hostname="Z422" failures="0" tests="6" name="com.opencart.testcase.TC030_logininvalidattempttest" time="61.227" errors="0" timestamp="2022-12-27T14:46:07 IST" skipped="0">
  <testcase classname="com.opencart.testcase.TC030_logininvalidattempttest" name="loginWithUnsucessfullAttemps" time="11.723"/>
  <system-out/>
  <testcase classname="com.opencart.testcase.TC030_logininvalidattempttest" name="loginWithUnsucessfullAttemps" time="1.896"/>
  <system-out/>
  <testcase classname="com.opencart.testcase.TC030_logininvalidattempttest" name="loginWithUnsucessfullAttemps" time="12.068"/>
  <system-out/>
  <testcase classname="com.opencart.testcase.TC030_logininvalidattempttest" name="loginWithUnsucessfullAttemps" time="11.768"/>
  <system-out/>
  <testcase classname="com.opencart.testcase.TC030_logininvalidattempttest" name="loginWithUnsucessfullAttemps" time="11.906"/>
  <system-out/>
  <testcase classname="com.opencart.testcase.TC030_logininvalidattempttest" name="loginWithUnsucessfullAttemps" time="11.866"/>
  <system-out/>
</testsuite> <!-- com.opencart.testcase.TC030_logininvalidattempttest -->
