<?xml version="1.0" encoding="UTF-8"?>
<!-- Generated by org.testng.reporters.JUnitReportReporter -->
<testsuite hostname="Z422" failures="0" tests="1" name="com.opencart.testcase.TC035_LOfromrightcolumntest" time="3.779" errors="0" timestamp="2023-01-08T18:18:22 IST" skipped="0">
  <testcase classname="com.opencart.testcase.TC035_LOfromrightcolumntest" name="loginAndLogoutFromRightColumn" time="3.779"/>
  <system-out/>
</testsuite> <!-- com.opencart.testcase.TC035_LOfromrightcolumntest -->
