<?xml version="1.0" encoding="UTF-8"?>
<!-- Generated by org.testng.reporters.JUnitReportReporter -->
<testsuite hostname="Z422" failures="0" tests="1" name="com.opencart.testcase.TC036_LOisnotdisplayedtest" time="0.806" errors="0" timestamp="2022-12-27T14:46:07 IST" skipped="0">
  <testcase classname="com.opencart.testcase.TC036_LOisnotdisplayedtest" name="checkLogoutIsDisplayedBeforeLogin" time="0.806"/>
  <system-out/>
</testsuite> <!-- com.opencart.testcase.TC036_LOisnotdisplayedtest -->
