<?xml version="1.0" encoding="UTF-8"?>
<!-- Generated by org.testng.reporters.JUnitReportReporter -->
<testsuite hostname="Z422" failures="0" tests="1" name="com.opencart.testcase.TC038_FPresetpaswrdunregistrdtest" time="4.141" errors="0" timestamp="2023-01-08T19:46:17 IST" skipped="0">
  <testcase classname="com.opencart.testcase.TC038_FPresetpaswrdunregistrdtest" name="forgotPasswordWithUnregisteredEmail" time="4.141"/>
  <system-out/>
</testsuite> <!-- com.opencart.testcase.TC038_FPresetpaswrdunregistrdtest -->
