<?xml version="1.0" encoding="UTF-8"?>
<!-- Generated by org.testng.reporters.JUnitReportReporter -->
<testsuite hostname="Z422" failures="0" tests="1" name="com.opencart.testcase.TC083_WLfromhomepagetest" time="4.168" errors="0" timestamp="2023-01-09T00:11:25 IST" skipped="0">
  <testcase classname="com.opencart.testcase.TC083_WLfromhomepagetest" name="wishListFromHomePageProduct" time="4.168"/>
  <system-out/>
</testsuite> <!-- com.opencart.testcase.TC083_WLfromhomepagetest -->
