<?xml version="1.0" encoding="UTF-8"?>
<!-- Generated by org.testng.reporters.JUnitReportReporter -->
<testsuite hostname="Z422" failures="0" tests="1" name="com.opencart.testcase.TC021_LFvalidcredentialtest" time="12.607" errors="0" timestamp="2023-01-05T02:01:08 IST" skipped="0">
  <testcase classname="com.opencart.testcase.TC021_LFvalidcredentialtest" name="loginWithValidCredentials" time="12.607"/>
  <system-out/>
</testsuite> <!-- com.opencart.testcase.TC021_LFvalidcredentialtest -->
