<?xml version="1.0" encoding="UTF-8"?>
<!-- Generated by org.testng.reporters.JUnitReportReporter -->
<testsuite hostname="Z422" failures="0" tests="1" name="com.opencart.testcase.TC003_RFallfielddatatest" time="8.105" errors="0" timestamp="2023-01-07T20:48:28 IST" skipped="0">
  <testcase classname="com.opencart.testcase.TC003_RFallfielddatatest" name="registeringWithAllFileds" time="8.105"/>
  <system-out/>
</testsuite> <!-- com.opencart.testcase.TC003_RFallfielddatatest -->
