<?xml version="1.0" encoding="UTF-8"?>
<!-- Generated by org.testng.reporters.JUnitReportReporter -->
<testsuite hostname="Z422" failures="0" tests="1" name="com.opencart.testcase.TC077_ACaddtocartByPDtest" time="12.762" errors="0" timestamp="2023-01-01T13:00:07 IST" skipped="0">
  <testcase classname="com.opencart.testcase.TC077_ACaddtocartByPDtest" name="addToCartFromProductDisplayPage" time="12.762"/>
  <system-out/>
</testsuite> <!-- com.opencart.testcase.TC077_ACaddtocartByPDtest -->
