<?xml version="1.0" encoding="UTF-8"?>
<!-- Generated by org.testng.reporters.JUnitReportReporter -->
<testsuite hostname="Z422" failures="0" tests="1" name="com.opencart.testcase.TC020_LFinvalidcredentialtest" time="5.631" errors="0" timestamp="2023-01-08T16:39:14 IST" skipped="0">
  <testcase classname="com.opencart.testcase.TC020_LFinvalidcredentialtest" name="loginWithInvalidCredentials" time="5.631"/>
  <system-out/>
</testsuite> <!-- com.opencart.testcase.TC020_LFinvalidcredentialtest -->
