<?xml version="1.0" encoding="UTF-8"?>
<!-- Generated by org.testng.reporters.JUnitReportReporter -->
<testsuite hostname="Z422" failures="0" tests="1" name="com.opencart.testcase.TC150_SOaddtocartbygridviewtest" time="7.133" errors="0" timestamp="2023-01-08T01:51:13 IST" skipped="0">
  <testcase classname="com.opencart.testcase.TC150_SOaddtocartbygridviewtest" name="specialOfferAddToCartByGridView" time="7.133"/>
  <system-out/>
</testsuite> <!-- com.opencart.testcase.TC150_SOaddtocartbygridviewtest -->
