<?xml version="1.0" encoding="UTF-8"?>
<!-- Generated by org.testng.reporters.JUnitReportReporter -->
<testsuite hostname="Z422" failures="0" tests="1" name="com.opencart.testcase.TC062_PCsubcategorytest" time="3.914" errors="0" timestamp="2023-01-08T20:50:56 IST" skipped="0">
  <testcase classname="com.opencart.testcase.TC062_PCsubcategorytest" name="productCompareBySubCategory" time="3.914"/>
  <system-out/>
</testsuite> <!-- com.opencart.testcase.TC062_PCsubcategorytest -->
