<?xml version="1.0" encoding="UTF-8"?>
<!-- Generated by org.testng.reporters.JUnitReportReporter -->
<testsuite hostname="Z422" failures="0" tests="1" name="com.opencart.testcase.TC053_SFlistgridviewsingleprodttest" time="25.118" errors="0" timestamp="2022-12-29T20:52:12 IST" skipped="0">
  <testcase classname="com.opencart.testcase.TC053_SFlistgridviewsingleprodttest" name="searchSingleProductByListAndGridView" time="25.118"/>
  <system-out/>
</testsuite> <!-- com.opencart.testcase.TC053_SFlistgridviewsingleprodttest -->
