<?xml version="1.0" encoding="UTF-8"?>
<!-- Generated by org.testng.reporters.JUnitReportReporter -->
<testsuite hostname="Z422" failures="0" tests="1" name="com.opencart.testcase.TC127_RSnavigationtopagetest" time="7.744" errors="0" timestamp="2023-01-06T14:29:53 IST" skipped="0">
  <testcase classname="com.opencart.testcase.TC127_RSnavigationtopagetest" name="returnsPageNavigation" time="7.744"/>
  <system-out/>
</testsuite> <!-- com.opencart.testcase.TC127_RSnavigationtopagetest -->
