<?xml version="1.0" encoding="UTF-8"?>
<!-- Generated by org.testng.reporters.JUnitReportReporter -->
<testsuite hostname="Z422" failures="0" tests="3" name="com.opencart.testcase.TC030_LFlogininvalidattempttest" time="5.856" errors="0" timestamp="2023-01-09T16:07:49 IST" skipped="0">
  <testcase classname="com.opencart.testcase.TC030_LFlogininvalidattempttest" name="loginWithUnsucessfullAttemps" time="1.877"/>
  <system-out/>
  <testcase classname="com.opencart.testcase.TC030_LFlogininvalidattempttest" name="loginWithUnsucessfullAttemps" time="2.196"/>
  <system-out/>
  <testcase classname="com.opencart.testcase.TC030_LFlogininvalidattempttest" name="loginWithUnsucessfullAttemps" time="1.783"/>
  <system-out/>
</testsuite> <!-- com.opencart.testcase.TC030_LFlogininvalidattempttest -->
