<?xml version="1.0" encoding="UTF-8"?>
<!-- Generated by org.testng.reporters.JUnitReportReporter -->
<testsuite hostname="Z422" failures="0" tests="1" name="com.opencart.testcase.TC078_ACbywishlistpagetest" time="15.138" errors="0" timestamp="2023-01-01T13:41:54 IST" skipped="0">
  <testcase classname="com.opencart.testcase.TC078_ACbywishlistpagetest" name="addToCartByWishListPage" time="15.138"/>
  <system-out/>
</testsuite> <!-- com.opencart.testcase.TC078_ACbywishlistpagetest -->
