<?xml version="1.0" encoding="UTF-8"?>
<!-- Generated by org.testng.reporters.JUnitReportReporter -->
<testsuite hostname="Z422" failures="0" tests="1" name="com.opencart.testcase.TC043_SFexistingproducttest" time="1.565" errors="0" timestamp="2022-12-28T18:45:19 IST" skipped="0">
  <testcase classname="com.opencart.testcase.TC043_SFexistingproducttest" name="searchForExistingProduct" time="1.565"/>
  <system-out/>
</testsuite> <!-- com.opencart.testcase.TC043_SFexistingproducttest -->
