<?xml version="1.0" encoding="UTF-8"?>
<!-- Generated by org.testng.reporters.JUnitReportReporter -->
<testsuite hostname="Z422" failures="0" tests="1" name="com.opencart.testcase.TC014_RFemptyspacetest" time="3.623" errors="0" timestamp="2022-12-25T00:40:58 IST" skipped="0">
  <testcase classname="com.opencart.testcase.TC014_RFemptyspacetest" name="registratingWithOnlyEmptySpaces" time="3.623"/>
  <system-out/>
</testsuite> <!-- com.opencart.testcase.TC014_RFemptyspacetest -->
