<?xml version="1.0" encoding="UTF-8"?>
<!-- Generated by org.testng.reporters.JUnitReportReporter -->
<testsuite hostname="Z422" failures="0" tests="1" name="com.opencart.testcase.TC138_NLbeforelogintest" time="9.649" errors="0" timestamp="2023-01-07T13:15:10 IST" skipped="0">
  <testcase classname="com.opencart.testcase.TC138_NLbeforelogintest" name="recurringPaymentPageNavigation" time="9.649"/>
  <system-out/>
</testsuite> <!-- com.opencart.testcase.TC138_NLbeforelogintest -->
