<?xml version="1.0" encoding="UTF-8"?>
<!-- Generated by org.testng.reporters.JUnitReportReporter -->
<testsuite hostname="Z422" failures="0" tests="1" name="com.opencart.testcase.TC107_ABdelteadressboktest" time="5.255" errors="0" timestamp="2023-01-05T02:44:15 IST" skipped="0">
  <testcase classname="com.opencart.testcase.TC107_ABdelteadressboktest" name="addressBookBeforeLoggingIn" time="5.255"/>
  <system-out/>
</testsuite> <!-- com.opencart.testcase.TC107_ABdelteadressboktest -->
