<?xml version="1.0" encoding="UTF-8"?>
<!-- Generated by org.testng.reporters.JUnitReportReporter -->
<testsuite hostname="Z422" failures="0" tests="3" name="com.opencart.testcase.TC040_FPinvalidunregemailidtest" time="8.102" errors="0" timestamp="2023-01-08T20:22:53 IST" skipped="0">
  <testcase classname="com.opencart.testcase.TC040_FPinvalidunregemailidtest" name="forgotPasswordWithInvalidEmailId" time="3.656"/>
  <system-out/>
  <testcase classname="com.opencart.testcase.TC040_FPinvalidunregemailidtest" name="forgotPasswordWithInvalidEmailId" time="2.284"/>
  <system-out/>
  <testcase classname="com.opencart.testcase.TC040_FPinvalidunregemailidtest" name="forgotPasswordWithInvalidEmailId" time="2.162"/>
  <system-out/>
</testsuite> <!-- com.opencart.testcase.TC040_FPinvalidunregemailidtest -->
