<?xml version="1.0" encoding="UTF-8"?>
<!-- Generated by org.testng.reporters.JUnitReportReporter -->
<testsuite hostname="Z422" failures="0" tests="1" name="com.opencart.testcase.TC065_PCfromhomepagetest" time="1.578" errors="0" timestamp="2023-01-09T16:07:53 IST" skipped="0">
  <testcase classname="com.opencart.testcase.TC065_PCfromhomepagetest" name="productCompareFromHomePage" time="1.578"/>
  <system-out/>
</testsuite> <!-- com.opencart.testcase.TC065_PCfromhomepagetest -->
