<?xml version="1.0" encoding="UTF-8"?>
<!-- Generated by org.testng.reporters.JUnitReportReporter -->
<testsuite hostname="Z422" failures="0" tests="4" name="com.opencart.zdatadriven.TC07_DDJsonFileSearchTest" time="101.201" errors="0" timestamp="2023-01-17T19:37:39 IST" skipped="0">
  <testcase classname="com.opencart.zdatadriven.TC07_DDJsonFileSearchTest" name="searchForDynamicProduct" time="18.198"/>
  <system-out/>
  <testcase classname="com.opencart.zdatadriven.TC07_DDJsonFileSearchTest" name="searchForDynamicProduct" time="23.732"/>
  <system-out/>
  <testcase classname="com.opencart.zdatadriven.TC07_DDJsonFileSearchTest" name="searchForDynamicProduct" time="28.545"/>
  <system-out/>
  <testcase classname="com.opencart.zdatadriven.TC07_DDJsonFileSearchTest" name="searchForDynamicProduct" time="30.726"/>
  <system-out/>
</testsuite> <!-- com.opencart.zdatadriven.TC07_DDJsonFileSearchTest -->
