<?xml version="1.0" encoding="UTF-8"?>
<!-- Generated by org.testng.reporters.JUnitReportReporter -->
<testsuite hostname="Z422" failures="0" tests="1" name="com.opencart.testcase.TC133_THdetailspresenttest" time="6.477" errors="0" timestamp="2023-01-06T20:57:16 IST" skipped="0">
  <testcase classname="com.opencart.testcase.TC133_THdetailspresenttest" name="transactionHistoryPageNavigationBeforeLogin" time="6.477"/>
  <system-out/>
</testsuite> <!-- com.opencart.testcase.TC133_THdetailspresenttest -->
