<?xml version="1.0" encoding="UTF-8"?>
<!-- Generated by org.testng.reporters.JUnitReportReporter -->
<testsuite hostname="Z422" failures="0" tests="1" name="com.opencart.testcase.TC142_CUfromorderpagetest" time="22.637" errors="0" timestamp="2023-01-09T03:01:10 IST" skipped="0">
  <testcase classname="com.opencart.testcase.TC142_CUfromorderpagetest" name="contactUsFromOrderSuccessPage" time="22.637"/>
  <system-out/>
</testsuite> <!-- com.opencart.testcase.TC142_CUfromorderpagetest -->
