<?xml version="1.0" encoding="UTF-8"?>
<!-- Generated by org.testng.reporters.JUnitReportReporter -->
<testsuite hostname="Z422" failures="0" tests="1" name="com.opencart.testcase.TC060_PCbylistviewtest" time="3.056" errors="0" timestamp="2022-12-31T14:05:39 IST" skipped="0">
  <testcase classname="com.opencart.testcase.TC060_PCbylistviewtest" name="productCompareByListView" time="3.056"/>
  <system-out/>
</testsuite> <!-- com.opencart.testcase.TC060_PCbylistviewtest -->
