<?xml version="1.0" encoding="UTF-8"?>
<!-- Generated by org.testng.reporters.JUnitReportReporter -->
<testsuite hostname="Z422" failures="0" tests="1" name="com.opencart.testcase.TC055_SFproductcomparetest" time="1.866" errors="0" timestamp="2022-12-29T21:57:57 IST" skipped="0">
  <testcase classname="com.opencart.testcase.TC055_SFproductcomparetest" name="SearchWithNavigatingToProductCompare" time="1.866"/>
  <system-out/>
</testsuite> <!-- com.opencart.testcase.TC055_SFproductcomparetest -->
