<?xml version="1.0" encoding="UTF-8"?>
<!-- Generated by org.testng.reporters.JUnitReportReporter -->
<testsuite hostname="Z422" failures="0" tests="6" name="com.opencart.zdatadriven.TC06_DDSearchProductRandomTest" time="257.667" errors="0" timestamp="2023-01-17T19:34:39 IST" skipped="0">
  <testcase classname="com.opencart.zdatadriven.TC06_DDSearchProductRandomTest" name="searchAnyDynamicProduct" time="35.929"/>
  <system-out/>
  <testcase classname="com.opencart.zdatadriven.TC06_DDSearchProductRandomTest" name="searchAnyDynamicProduct" time="124.570"/>
  <system-out/>
  <testcase classname="com.opencart.zdatadriven.TC06_DDSearchProductRandomTest" name="searchAnyDynamicProduct" time="43.258"/>
  <system-out/>
  <testcase classname="com.opencart.zdatadriven.TC06_DDSearchProductRandomTest" name="searchAnyDynamicProduct" time="18.582"/>
  <system-out/>
  <testcase classname="com.opencart.zdatadriven.TC06_DDSearchProductRandomTest" name="searchAnyDynamicProduct" time="20.173"/>
  <system-out/>
  <testcase classname="com.opencart.zdatadriven.TC06_DDSearchProductRandomTest" name="searchAnyDynamicProduct" time="15.155"/>
  <system-out/>
</testsuite> <!-- com.opencart.zdatadriven.TC06_DDSearchProductRandomTest -->
