<?xml version="1.0" encoding="UTF-8"?>
<!-- Generated by org.testng.reporters.JUnitReportReporter -->
<testsuite hostname="Z422" failures="0" tests="1" name="com.opencart.testcase.TC049_SFsearchcriteriatest" time="1.530" errors="0" timestamp="2023-01-08T20:36:16 IST" skipped="0">
  <testcase classname="com.opencart.testcase.TC049_SFsearchcriteriatest" name="seachBySearchCriteria" time="1.530"/>
  <system-out/>
</testsuite> <!-- com.opencart.testcase.TC049_SFsearchcriteriatest -->
