<?xml version="1.0" encoding="UTF-8"?>
<!-- Generated by org.testng.reporters.JUnitReportReporter -->
<testsuite hostname="Z422" failures="0" tests="2" name="com.opencart.testcase.TC144_CUinvaliddatatest" time="5.887" errors="0" timestamp="2023-01-07T21:36:47 IST" skipped="0">
  <testcase classname="com.opencart.testcase.TC144_CUinvaliddatatest" name="contactUsWithInvalidCredentials" time="3.719"/>
  <system-out/>
  <testcase classname="com.opencart.testcase.TC144_CUinvaliddatatest" name="contactUsWithInvalidCredentials" time="2.168"/>
  <system-out/>
</testsuite> <!-- com.opencart.testcase.TC144_CUinvaliddatatest -->
