<?xml version="1.0" encoding="UTF-8"?>
<!-- Generated by org.testng.reporters.JUnitReportReporter -->
<testsuite hostname="Z422" failures="0" tests="2" name="com.opencart.testcase.TC074_PDvalidatereviewtabtest" time="19.581" errors="0" timestamp="2023-01-09T16:07:55 IST" skipped="0">
  <testcase classname="com.opencart.testcase.TC074_PDvalidatereviewtabtest" name="productDisplayWriteReview" time="5.433"/>
  <system-out/>
  <testcase classname="com.opencart.testcase.TC074_PDvalidatereviewtabtest" name="productDisplayWriteReview" time="14.148"/>
  <system-out/>
</testsuite> <!-- com.opencart.testcase.TC074_PDvalidatereviewtabtest -->
