<?xml version="1.0" encoding="UTF-8"?>
<!-- Generated by org.testng.reporters.JUnitReportReporter -->
<testsuite hostname="Z422" failures="0" tests="1" name="com.opencart.testcase.TC137_NLnavigationpagetest" time="9.830" errors="0" timestamp="2023-01-07T12:59:03 IST" skipped="0">
  <testcase classname="com.opencart.testcase.TC137_NLnavigationpagetest" name="newsLetterNavigationToPage" time="9.830"/>
  <system-out/>
</testsuite> <!-- com.opencart.testcase.TC137_NLnavigationpagetest -->
