<?xml version="1.0" encoding="UTF-8"?>
<!-- Generated by org.testng.reporters.JUnitReportReporter -->
<testsuite hostname="Z422" failures="0" tests="13" name="com.opencart.zdatadriven.TC02_DDLoginFunctionTest" time="281.777" errors="0" timestamp="2023-01-09T19:53:14 IST" skipped="0">
  <testcase classname="com.opencart.zdatadriven.TC02_DDLoginFunctionTest" name="loginWithValidCredentials" time="22.985"/>
  <system-out/>
  <testcase classname="com.opencart.zdatadriven.TC02_DDLoginFunctionTest" name="loginWithValidCredentials" time="13.112"/>
  <system-out/>
  <testcase classname="com.opencart.zdatadriven.TC02_DDLoginFunctionTest" name="loginWithValidCredentials" time="24.763"/>
  <system-out/>
  <testcase classname="com.opencart.zdatadriven.TC02_DDLoginFunctionTest" name="loginWithValidCredentials" time="24.221"/>
  <system-out/>
  <testcase classname="com.opencart.zdatadriven.TC02_DDLoginFunctionTest" name="loginWithValidCredentials" time="25.126"/>
  <system-out/>
  <testcase classname="com.opencart.zdatadriven.TC02_DDLoginFunctionTest" name="loginWithValidCredentials" time="22.289"/>
  <system-out/>
  <testcase classname="com.opencart.zdatadriven.TC02_DDLoginFunctionTest" name="loginWithValidCredentials" time="13.236"/>
  <system-out/>
  <testcase classname="com.opencart.zdatadriven.TC02_DDLoginFunctionTest" name="loginWithValidCredentials" time="15.959"/>
  <system-out/>
  <testcase classname="com.opencart.zdatadriven.TC02_DDLoginFunctionTest" name="loginWithValidCredentials" time="22.871"/>
  <system-out/>
  <testcase classname="com.opencart.zdatadriven.TC02_DDLoginFunctionTest" name="loginWithValidCredentials" time="14.887"/>
  <system-out/>
  <testcase classname="com.opencart.zdatadriven.TC02_DDLoginFunctionTest" name="loginWithValidCredentials" time="20.488"/>
  <system-out/>
  <testcase classname="com.opencart.zdatadriven.TC02_DDLoginFunctionTest" name="loginWithValidCredentials" time="27.170"/>
  <system-out/>
  <testcase classname="com.opencart.zdatadriven.TC02_DDLoginFunctionTest" name="loginWithValidCredentials" time="34.670"/>
  <system-out/>
</testsuite> <!-- com.opencart.zdatadriven.TC02_DDLoginFunctionTest -->
