<?xml version="1.0" encoding="UTF-8"?>
<!-- Generated by org.testng.reporters.JUnitReportReporter -->
<testsuite hostname="Z422" failures="0" tests="1" name="com.opencart.testcase.TC122_DLbeforelogintest" time="3.234" errors="0" timestamp="2023-01-06T00:16:32 IST" skipped="0">
  <testcase classname="com.opencart.testcase.TC122_DLbeforelogintest" name="downloadsBeforeLogin" time="3.234"/>
  <system-out/>
</testsuite> <!-- com.opencart.testcase.TC122_DLbeforelogintest -->
