<?xml version="1.0" encoding="UTF-8"?>
<!-- Generated by org.testng.reporters.JUnitReportReporter -->
<testsuite hostname="Z422" failures="0" tests="1" name="com.opencart.testcase.TC086_SCbyhederopyiontest" time="15.199" errors="0" timestamp="2023-01-02T13:16:56 IST" skipped="0">
  <testcase classname="com.opencart.testcase.TC086_SCbyhederopyiontest" name="shoppingCartNavigationFromHeaderOption" time="15.199"/>
  <system-out/>
</testsuite> <!-- com.opencart.testcase.TC086_SCbyhederopyiontest -->
