<?xml version="1.0" encoding="UTF-8"?>
<!-- Generated by org.testng.reporters.JUnitReportReporter -->
<testsuite hostname="Z422" failures="0" tests="1" name="com.opencart.testcase.TC008_RFdifferentpasswordtest" time="5.151" errors="0" timestamp="2022-12-27T16:18:48 IST" skipped="0">
  <testcase classname="com.opencart.testcase.TC008_RFdifferentpasswordtest" name="registeringWithDifferentPassword" time="5.151"/>
  <system-out/>
</testsuite> <!-- com.opencart.testcase.TC008_RFdifferentpasswordtest -->
