<?xml version="1.0" encoding="UTF-8"?>
<!-- Generated by org.testng.reporters.JUnitReportReporter -->
<testsuite hostname="Z422" failures="0" tests="2" name="com.opencart.testcase.TC120_PRinvaidemailidtest" time="17.719" errors="0" timestamp="2023-01-09T01:00:05 IST" skipped="0">
  <testcase classname="com.opencart.testcase.TC120_PRinvaidemailidtest" name="productReturnWithInvalidEmailId" time="8.225"/>
  <system-out/>
  <testcase classname="com.opencart.testcase.TC120_PRinvaidemailidtest" name="productReturnWithInvalidEmailId" time="9.494"/>
  <system-out/>
</testsuite> <!-- com.opencart.testcase.TC120_PRinvaidemailidtest -->
