<?xml version="1.0" encoding="UTF-8"?>
<!-- Generated by org.testng.reporters.JUnitReportReporter -->
<testsuite hostname="Z422" failures="0" tests="1" name="com.opencart.testcase.TC065_PCfromhomepagetest" time="2.930" errors="0" timestamp="2022-12-31T01:38:04 IST" skipped="0">
  <testcase classname="com.opencart.testcase.TC065_PCfromhomepagetest" name="productCompareFromHomePage" time="2.930"/>
  <system-out/>
</testsuite> <!-- com.opencart.testcase.TC065_PCfromhomepagetest -->
