<?xml version="1.0" encoding="UTF-8"?>
<!-- Generated by org.testng.reporters.JUnitReportReporter -->
<testsuite hostname="Z422" failures="0" tests="1" name="com.opencart.testcase.TC113_OHnaviagtetoaccountpgtest" time="4.888" errors="0" timestamp="2023-01-05T03:02:18 IST" skipped="0">
  <testcase classname="com.opencart.testcase.TC113_OHnaviagtetoaccountpgtest" name="orderHistoryNavigatingToAccontPage" time="4.888"/>
  <system-out/>
</testsuite> <!-- com.opencart.testcase.TC113_OHnaviagtetoaccountpgtest -->
