<?xml version="1.0" encoding="UTF-8"?>
<!-- Generated by org.testng.reporters.JUnitReportReporter -->
<testsuite hostname="Z422" failures="0" tests="1" name="com.opencart.testcase.TC051_SFcriteriafieldtest" time="5.736" errors="0" timestamp="2022-12-29T22:24:31 IST" skipped="0">
  <testcase classname="com.opencart.testcase.TC051_SFcriteriafieldtest" name="searchByCriteriaOfProduct" time="5.736"/>
  <system-out/>
</testsuite> <!-- com.opencart.testcase.TC051_SFcriteriafieldtest -->
