<?xml version="1.0" encoding="UTF-8"?>
<!-- Generated by org.testng.reporters.JUnitReportReporter -->
<testsuite hostname="Z422" failures="0" tests="1" name="com.opencart.testcase.TC137_NLnavigationpagetest" time="4.044" errors="0" timestamp="2023-01-09T16:41:21 IST" skipped="0">
  <testcase classname="com.opencart.testcase.TC137_NLnavigationpagetest" name="newsLetterNavigationToPage" time="4.044"/>
  <system-out/>
</testsuite> <!-- com.opencart.testcase.TC137_NLnavigationpagetest -->
