<?xml version="1.0" encoding="UTF-8"?>
<!-- Generated by org.testng.reporters.JUnitReportReporter -->
<testsuite hostname="Z422" failures="0" tests="1" name="com.opencart.testcase.TC106_CPemptypasswrdtest" time="6.649" errors="0" timestamp="2023-01-04T21:24:01 IST" skipped="0">
  <testcase classname="com.opencart.testcase.TC106_CPemptypasswrdtest" name="changePasswordWithEmptyData" time="6.649"/>
  <system-out/>
</testsuite> <!-- com.opencart.testcase.TC106_CPemptypasswrdtest -->
