<?xml version="1.0" encoding="UTF-8"?>
<!-- Generated by org.testng.reporters.JUnitReportReporter -->
<testsuite hostname="Z422" failures="0" tests="1" name="com.opencart.testcase.TC075_PDaddtowishlisttest" time="9.267" errors="0" timestamp="2023-01-01T00:14:48 IST" skipped="0">
  <testcase classname="com.opencart.testcase.TC075_PDaddtowishlisttest" name="productDisplayAddToWishList" time="9.267"/>
  <system-out/>
</testsuite> <!-- com.opencart.testcase.TC075_PDaddtowishlisttest -->
