<?xml version="1.0" encoding="UTF-8"?>
<!-- Generated by org.testng.reporters.JUnitReportReporter -->
<testsuite hostname="Z422" failures="0" tests="1" name="com.opencart.testcase.TC094_HPnavigatetoshopcarttest" time="23.484" errors="0" timestamp="2023-01-09T00:27:29 IST" skipped="0">
  <testcase classname="com.opencart.testcase.TC094_HPnavigatetoshopcarttest" name="homePageNavigationToShopingcart" time="23.484"/>
  <system-out/>
</testsuite> <!-- com.opencart.testcase.TC094_HPnavigatetoshopcarttest -->
