<?xml version="1.0" encoding="UTF-8"?>
<!-- Generated by org.testng.reporters.JUnitReportReporter -->
<testsuite hostname="Z422" failures="0" tests="1" name="com.opencart.testcase.TC034_LOloggingouttest" time="17.562" errors="0" timestamp="2023-01-08T19:26:35 IST" skipped="0">
  <testcase classname="com.opencart.testcase.TC034_LOloggingouttest" name="loginAndLogout" time="17.562"/>
  <system-out/>
</testsuite> <!-- com.opencart.testcase.TC034_LOloggingouttest -->
