<?xml version="1.0" encoding="UTF-8"?>
<!-- Generated by org.testng.reporters.JUnitReportReporter -->
<testsuite hostname="Z422" failures="0" tests="1" name="com.opencart.testcase.TC140_NLregisteryesoptiontest" time="6.671" errors="0" timestamp="2023-01-09T16:41:21 IST" skipped="0">
  <testcase classname="com.opencart.testcase.TC140_NLregisteryesoptiontest" name="registeringWithYesNewsLetter" time="6.671"/>
  <system-out/>
</testsuite> <!-- com.opencart.testcase.TC140_NLregisteryesoptiontest -->
