<?xml version="1.0" encoding="UTF-8"?>
<!-- Generated by org.testng.reporters.JUnitReportReporter -->
<testsuite hostname="Z422" failures="0" tests="1" name="com.opencart.testcase.TC078_ACbywishlistpagetest" time="27.752" errors="0" timestamp="2023-01-08T23:34:36 IST" skipped="0">
  <testcase classname="com.opencart.testcase.TC078_ACbywishlistpagetest" name="addToCartByWishListPage" time="27.752"/>
  <system-out/>
</testsuite> <!-- com.opencart.testcase.TC078_ACbywishlistpagetest -->
