<?xml version="1.0" encoding="UTF-8"?>
<!-- Generated by org.testng.reporters.JUnitReportReporter -->
<testsuite hostname="Z422" failures="0" tests="1" name="com.opencart.testcase.TC087_SCupdateqtytest" time="5.713" errors="0" timestamp="2023-01-09T00:13:59 IST" skipped="0">
  <testcase classname="com.opencart.testcase.TC087_SCupdateqtytest" name="shoppingCartNavigationFromHeaderOption" time="5.713"/>
  <system-out/>
</testsuite> <!-- com.opencart.testcase.TC087_SCupdateqtytest -->
