<?xml version="1.0" encoding="UTF-8"?>
<!-- Generated by org.testng.reporters.JUnitReportReporter -->
<testsuite hostname="Z422" failures="0" tests="1" name="com.opencart.testcase.TC035_LOlogoutfromrightcolumntest" time="4.280" errors="0" timestamp="2023-01-08T19:26:35 IST" skipped="0">
  <testcase classname="com.opencart.testcase.TC035_LOlogoutfromrightcolumntest" name="loginAndLogoutFromRightColumn" time="4.280"/>
  <system-out/>
</testsuite> <!-- com.opencart.testcase.TC035_LOlogoutfromrightcolumntest -->
