<?xml version="1.0" encoding="UTF-8"?>
<!-- Generated by org.testng.reporters.JUnitReportReporter -->
<testsuite hostname="Z422" failures="0" tests="1" name="com.opencart.testcase.TC141_CUnavigatepagetest" time="3.870" errors="0" timestamp="2023-01-09T03:01:10 IST" skipped="0">
  <testcase classname="com.opencart.testcase.TC141_CUnavigatepagetest" name="contactUsNavigationPage" time="3.870"/>
  <system-out/>
</testsuite> <!-- com.opencart.testcase.TC141_CUnavigatepagetest -->
