<?xml version="1.0" encoding="UTF-8"?>
<!-- Generated by org.testng.reporters.JUnitReportReporter -->
<testsuite hostname="Z422" failures="0" tests="1" name="com.opencart.testcase.TC061_PCbygridviewtest" time="3.591" errors="0" timestamp="2023-01-08T21:06:39 IST" skipped="0">
  <testcase classname="com.opencart.testcase.TC061_PCbygridviewtest" name="productCompareByGridView" time="3.591"/>
  <system-out/>
</testsuite> <!-- com.opencart.testcase.TC061_PCbygridviewtest -->
