<?xml version="1.0" encoding="UTF-8"?>
<!-- Generated by org.testng.reporters.JUnitReportReporter -->
<testsuite hostname="Z422" failures="0" tests="1" name="com.opencart.testcase.TC025_LFforgatpasswordtest" time="1.699" errors="0" timestamp="2023-01-08T16:39:13 IST" skipped="0">
  <testcase classname="com.opencart.testcase.TC025_LFforgatpasswordtest" name="logintestForForgottenPassword" time="1.699"/>
  <system-out/>
</testsuite> <!-- com.opencart.testcase.TC025_LFforgatpasswordtest -->
