<?xml version="1.0" encoding="UTF-8"?>
<!-- Generated by org.testng.reporters.JUnitReportReporter -->
<testsuite hostname="Z422" failures="0" tests="1" name="com.opencart.testcase.TC068_PCnavigatehometest" time="3.029" errors="0" timestamp="2023-01-09T16:07:52 IST" skipped="0">
  <testcase classname="com.opencart.testcase.TC068_PCnavigatehometest" name="productCompareAndNavigateHomePage" time="3.029"/>
  <system-out/>
</testsuite> <!-- com.opencart.testcase.TC068_PCnavigatehometest -->
