<?xml version="1.0" encoding="UTF-8"?>
<!-- Generated by org.testng.reporters.JUnitReportReporter -->
<testsuite hostname="Z422" failures="0" tests="1" name="com.opencart.testcase.TC050_SFbyproductdiscrpttest" time="1.653" errors="0" timestamp="2023-01-08T20:36:16 IST" skipped="0">
  <testcase classname="com.opencart.testcase.TC050_SFbyproductdiscrpttest" name="seachForNonExistingProduct" time="1.653"/>
  <system-out/>
</testsuite> <!-- com.opencart.testcase.TC050_SFbyproductdiscrpttest -->
