<?xml version="1.0" encoding="UTF-8"?>
<!-- Generated by org.testng.reporters.JUnitReportReporter -->
<testsuite hostname="Z422" failures="0" tests="3" name="com.opencart.testcase.TC074_PDvalidatereviewtabtest" time="56.478" errors="0" timestamp="2022-12-31T22:58:40 IST" skipped="0">
  <testcase classname="com.opencart.testcase.TC074_PDvalidatereviewtabtest" name="productDisplayWriteReview" time="28.442"/>
  <system-out/>
  <testcase classname="com.opencart.testcase.TC074_PDvalidatereviewtabtest" name="productDisplayWriteReview" time="12.496"/>
  <system-out/>
  <testcase classname="com.opencart.testcase.TC074_PDvalidatereviewtabtest" name="productDisplayWriteReview" time="15.540"/>
  <system-out/>
</testsuite> <!-- com.opencart.testcase.TC074_PDvalidatereviewtabtest -->
