<?xml version="1.0" encoding="UTF-8"?>
<!-- Generated by org.testng.reporters.JUnitReportReporter -->
<testsuite hostname="Z422" failures="0" tests="1" name="com.opencart.testcase.TC081_ACbycategorypagetest" time="7.346" errors="0" timestamp="2023-01-08T22:52:07 IST" skipped="0">
  <testcase classname="com.opencart.testcase.TC081_ACbycategorypagetest" name="addToCartBySubCategoryPage" time="7.346"/>
  <system-out/>
</testsuite> <!-- com.opencart.testcase.TC081_ACbycategorypagetest -->
