<?xml version="1.0" encoding="UTF-8"?>
<!-- Generated by org.testng.reporters.JUnitReportReporter -->
<testsuite hostname="Z422" failures="0" tests="1" name="com.opencart.testcase.TC118_PRreturnproducttest" time="8.545" errors="0" timestamp="2023-01-09T01:00:06 IST" skipped="0">
  <testcase classname="com.opencart.testcase.TC118_PRreturnproducttest" name="productReturnForReturnPage" time="8.545"/>
  <system-out/>
</testsuite> <!-- com.opencart.testcase.TC118_PRreturnproducttest -->
