<?xml version="1.0" encoding="UTF-8"?>
<!-- Generated by org.testng.reporters.JUnitReportReporter -->
<testsuite hostname="Z422" failures="0" tests="1" name="com.opencart.testcase.TC084_WLonnewwindowtest" time="8.915" errors="0" timestamp="2023-01-05T18:38:39 IST" skipped="0">
  <testcase classname="com.opencart.testcase.TC084_WLonnewwindowtest" name="wishListAddProductFromNewWindow" time="8.915"/>
  <system-out/>
</testsuite> <!-- com.opencart.testcase.TC084_WLonnewwindowtest -->
