<?xml version="1.0" encoding="UTF-8"?>
<!-- Generated by org.testng.reporters.JUnitReportReporter -->
<testsuite hostname="Z422" failures="0" tests="1" name="com.opencart.testcase.TC151_HMFrandomactivitytest" time="50.298" errors="0" timestamp="2023-01-09T03:01:11 IST" skipped="0">
  <testcase classname="com.opencart.testcase.TC151_HMFrandomactivitytest" name="headerMenuRandomActivity" time="50.298"/>
  <system-out/>
</testsuite> <!-- com.opencart.testcase.TC151_HMFrandomactivitytest -->
