<?xml version="1.0" encoding="UTF-8"?>
<!-- Generated by org.testng.reporters.JUnitReportReporter -->
<testsuite hostname="Z422" failures="0" tests="1" name="com.opencart.testcase.TC041_FPandnavigatebacktest" time="3.271" errors="0" timestamp="2022-12-28T02:55:59 IST" skipped="0">
  <testcase classname="com.opencart.testcase.TC041_FPandnavigatebacktest" name="forgotPasswordAndNavigatingBack" time="3.271"/>
  <system-out/>
</testsuite> <!-- com.opencart.testcase.TC041_FPandnavigatebacktest -->
