<?xml version="1.0" encoding="UTF-8"?>
<!-- Generated by org.testng.reporters.JUnitReportReporter -->
<testsuite hostname="Z422" failures="0" tests="1" name="com.opencart.testcase.TC096_COnavigtetocopgtest" time="18.673" errors="0" timestamp="2023-01-04T00:25:52 IST" skipped="0">
  <testcase classname="com.opencart.testcase.TC096_COnavigtetocopgtest" name="checkOutNavigationFromHomePage" time="18.673"/>
  <system-out/>
</testsuite> <!-- com.opencart.testcase.TC096_COnavigtetocopgtest -->
