<?xml version="1.0" encoding="UTF-8"?>
<!-- Generated by org.testng.reporters.JUnitReportReporter -->
<testsuite hostname="Z422" failures="0" tests="1" name="com.opencart.testcase.TC083_WLfromhomepagetest" time="4.510" errors="0" timestamp="2023-01-01T22:39:14 IST" skipped="0">
  <testcase classname="com.opencart.testcase.TC083_WLfromhomepagetest" name="wishListFromProductDisplayPage" time="4.510"/>
  <system-out/>
</testsuite> <!-- com.opencart.testcase.TC083_WLfromhomepagetest -->
