<?xml version="1.0" encoding="UTF-8"?>
<!-- Generated by org.testng.reporters.JUnitReportReporter -->
<testsuite hostname="Z422" failures="0" tests="1" name="com.opencart.testcase.TC109_ABcreatenewaddresstest" time="10.702" errors="0" timestamp="2023-01-05T02:45:39 IST" skipped="0">
  <testcase classname="com.opencart.testcase.TC109_ABcreatenewaddresstest" name="addressBookDeleteAddress" time="10.702"/>
  <system-out/>
</testsuite> <!-- com.opencart.testcase.TC109_ABcreatenewaddresstest -->
