<?xml version="1.0" encoding="UTF-8"?>
<!-- Generated by org.testng.reporters.JUnitReportReporter -->
<testsuite hostname="Z422" failures="0" tests="1" name="com.opencart.testcase.TC116_OIproductreturntest" time="5.085" errors="0" timestamp="2023-01-05T16:29:42 IST" skipped="0">
  <testcase classname="com.opencart.testcase.TC116_OIproductreturntest" name="oderInformationReturnProduct" time="5.085"/>
  <system-out/>
</testsuite> <!-- com.opencart.testcase.TC116_OIproductreturntest -->
