<?xml version="1.0" encoding="UTF-8"?>
<!-- Generated by org.testng.reporters.JUnitReportReporter -->
<testsuite hostname="Z422" failures="0" tests="1" name="com.opencart.testcase.TC128_RSproductdetailstest" time="6.541" errors="0" timestamp="2023-01-09T02:21:39 IST" skipped="0">
  <testcase classname="com.opencart.testcase.TC128_RSproductdetailstest" name="returnsValidateTheProductDetails" time="6.541"/>
  <system-out/>
</testsuite> <!-- com.opencart.testcase.TC128_RSproductdetailstest -->
