<?xml version="1.0" encoding="UTF-8"?>
<!-- Generated by org.testng.reporters.JUnitReportReporter -->
<testsuite hostname="Z422" failures="0" tests="1" name="com.opencart.testcase.TC072_PDaddtowishlisttest" time="7.984" errors="0" timestamp="2023-01-08T22:43:55 IST" skipped="0">
  <testcase classname="com.opencart.testcase.TC072_PDaddtowishlisttest" name="productDisplayProductDetails" time="7.984"/>
  <system-out/>
</testsuite> <!-- com.opencart.testcase.TC072_PDaddtowishlisttest -->
