<?xml version="1.0" encoding="UTF-8"?>
<!-- Generated by org.testng.reporters.JUnitReportReporter -->
<testsuite hostname="Z422" failures="0" tests="1" name="com.opencart.testcase.TC061_PCbygridviewtest" time="2.873" errors="0" timestamp="2023-01-09T16:07:56 IST" skipped="0">
  <testcase classname="com.opencart.testcase.TC061_PCbygridviewtest" name="productCompareByGridView" time="2.873"/>
  <system-out/>
</testsuite> <!-- com.opencart.testcase.TC061_PCbygridviewtest -->
