<?xml version="1.0" encoding="UTF-8"?>
<!-- Generated by org.testng.reporters.JUnitReportReporter -->
<testsuite hostname="Z422" failures="0" tests="1" name="com.opencart.testcase.TC107_ABeditaddresstest" time="14.161" errors="0" timestamp="2023-01-04T22:41:59 IST" skipped="0">
  <testcase classname="com.opencart.testcase.TC107_ABeditaddresstest" name="addressBookBeforeLoggingIn" time="14.161"/>
  <system-out/>
</testsuite> <!-- com.opencart.testcase.TC107_ABeditaddresstest -->
