<?xml version="1.0" encoding="UTF-8"?>
<!-- Generated by org.testng.reporters.JUnitReportReporter -->
<testsuite hostname="Z422" failures="0" tests="1" name="com.opencart.testcase.TC139_NLregisterwithnonewslettertest" time="6.848" errors="0" timestamp="2023-01-09T16:41:21 IST" skipped="0">
  <testcase classname="com.opencart.testcase.TC139_NLregisterwithnonewslettertest" name="registeringWithNoNewsLetterOption" time="6.848"/>
  <system-out/>
</testsuite> <!-- com.opencart.testcase.TC139_NLregisterwithnonewslettertest -->
