<?xml version="1.0" encoding="UTF-8"?>
<!-- Generated by org.testng.reporters.JUnitReportReporter -->
<testsuite hostname="Z422" failures="0" tests="1" name="com.opencart.testcase.TC042_FPvalueattributetest" time="5.806" errors="0" timestamp="2022-12-28T03:20:45 IST" skipped="0">
  <testcase classname="com.opencart.testcase.TC042_FPvalueattributetest" name="forgotPasswordCheckForValueAttribute" time="5.806"/>
  <system-out/>
</testsuite> <!-- com.opencart.testcase.TC042_FPvalueattributetest -->
