<?xml version="1.0" encoding="UTF-8"?>
<!-- Generated by org.testng.reporters.JUnitReportReporter -->
<testsuite hostname="Z422" failures="0" tests="1" name="com.opencart.testcase.TC003_RFallfielddatatest" time="11.539" errors="0" timestamp="2023-01-11T19:55:07 IST" skipped="0">
  <testcase classname="com.opencart.testcase.TC003_RFallfielddatatest" name="registeringWithAllFileds" time="11.539"/>
  <system-out/>
</testsuite> <!-- com.opencart.testcase.TC003_RFallfielddatatest -->
