<?xml version="1.0" encoding="UTF-8"?>
<!-- Generated by org.testng.reporters.JUnitReportReporter -->
<testsuite hostname="Z422" failures="0" tests="1" name="com.opencart.testcase.TC110_ABmandatoryfieldtest" time="12.540" errors="0" timestamp="2023-01-05T00:17:23 IST" skipped="0">
  <testcase classname="com.opencart.testcase.TC110_ABmandatoryfieldtest" name="addressBookDeleteAddress" time="12.540"/>
  <system-out/>
</testsuite> <!-- com.opencart.testcase.TC110_ABmandatoryfieldtest -->
