<?xml version="1.0" encoding="UTF-8"?>
<!-- Generated by org.testng.reporters.JUnitReportReporter -->
<testsuite hostname="Z422" failures="0" tests="1" name="com.opencart.testcase.TC099_COasguestusertest" time="22.710" errors="0" timestamp="2023-01-04T00:53:11 IST" skipped="0">
  <testcase classname="com.opencart.testcase.TC099_COasguestusertest" name="checkOutAsGuestUser" time="22.710"/>
  <system-out/>
</testsuite> <!-- com.opencart.testcase.TC099_COasguestusertest -->
