<?xml version="1.0" encoding="UTF-8"?>
<!-- Generated by org.testng.reporters.JUnitReportReporter -->
<testsuite hostname="Z422" failures="0" tests="1" name="com.opencart.testcase.TC059_PCfromdisplaypagetest" time="9.482" errors="0" timestamp="2023-01-09T16:07:56 IST" skipped="0">
  <testcase classname="com.opencart.testcase.TC059_PCfromdisplaypagetest" name="productCompareInDisplayPage" time="9.482"/>
  <system-out/>
</testsuite> <!-- com.opencart.testcase.TC059_PCfromdisplaypagetest -->
