<?xml version="1.0" encoding="UTF-8"?>
<!-- Generated by org.testng.reporters.JUnitReportReporter -->
<testsuite hostname="Z422" failures="0" tests="1" name="com.opencart.testcase.TC009_RFexistingemailtest" time="3.838" errors="0" timestamp="2023-01-08T15:58:10 IST" skipped="0">
  <testcase classname="com.opencart.testcase.TC009_RFexistingemailtest" name="registeringWithDifferentPassword" time="3.838"/>
  <system-out/>
</testsuite> <!-- com.opencart.testcase.TC009_RFexistingemailtest -->
