<?xml version="1.0" encoding="UTF-8"?>
<!-- Generated by org.testng.reporters.JUnitReportReporter -->
<testsuite hostname="Z422" failures="0" tests="1" name="com.opencart.testcase.TC149_SOaddtocartbylistviewtest" time="4.874" errors="0" timestamp="2023-01-09T16:07:51 IST" skipped="0">
  <testcase classname="com.opencart.testcase.TC149_SOaddtocartbylistviewtest" name="specialOfferAddToCartByListView" time="4.874"/>
  <system-out/>
</testsuite> <!-- com.opencart.testcase.TC149_SOaddtocartbylistviewtest -->
