<?xml version="1.0" encoding="UTF-8"?>
<!-- Generated by org.testng.reporters.JUnitReportReporter -->
<testsuite hostname="Z422" failures="0" tests="1" name="com.opencart.testcase.TC007_RFnavigatingtoregistertest" time="4.804" errors="0" timestamp="2023-01-06T13:32:34 IST" skipped="0">
  <testcase classname="com.opencart.testcase.TC007_RFnavigatingtoregistertest" name="registeringByNaviagting" time="4.804"/>
  <system-out/>
</testsuite> <!-- com.opencart.testcase.TC007_RFnavigatingtoregistertest -->
