<?xml version="1.0" encoding="UTF-8"?>
<!-- Generated by org.testng.reporters.JUnitReportReporter -->
<testsuite hostname="Z422" failures="0" tests="1" name="com.opencart.testcase.TC044_SFnonexistingproducttest" time="1.222" errors="0" timestamp="2023-01-08T20:36:16 IST" skipped="0">
  <testcase classname="com.opencart.testcase.TC044_SFnonexistingproducttest" name="seachForNonExistingProduct" time="1.222"/>
  <system-out/>
</testsuite> <!-- com.opencart.testcase.TC044_SFnonexistingproducttest -->
