<?xml version="1.0" encoding="UTF-8"?>
<!-- Generated by org.testng.reporters.JUnitReportReporter -->
<testsuite hostname="Z422" failures="0" tests="1" name="com.opencart.testcase.TC096_COnavigtetocopgtest" time="15.104" errors="0" timestamp="2023-01-09T16:07:53 IST" skipped="0">
  <testcase classname="com.opencart.testcase.TC096_COnavigtetocopgtest" name="checkOutNavigationFromHomePage" time="15.104"/>
  <system-out/>
</testsuite> <!-- com.opencart.testcase.TC096_COnavigtetocopgtest -->
