<?xml version="1.0" encoding="UTF-8"?>
<!-- Generated by org.testng.reporters.JUnitReportReporter -->
<testsuite hostname="Z422" failures="0" tests="1" name="com.opencart.testcase.TC119_PRcancelthereturntest" time="9.530" errors="0" timestamp="2023-01-05T20:27:51 IST" skipped="0">
  <testcase classname="com.opencart.testcase.TC119_PRcancelthereturntest" name="productReturnForReturnPage" time="9.530"/>
  <system-out/>
</testsuite> <!-- com.opencart.testcase.TC119_PRcancelthereturntest -->
