<?xml version="1.0" encoding="UTF-8"?>
<!-- Generated by org.testng.reporters.JUnitReportReporter -->
<testsuite hostname="Z422" failures="0" tests="11" name="com.opencart.zdatadriven.TC04_DDProductreturnFunctionTest" time="372.370" errors="0" timestamp="2023-01-09T20:36:20 IST" skipped="0">
  <testcase classname="com.opencart.zdatadriven.TC04_DDProductreturnFunctionTest" name="productReturnTest" time="32.727"/>
  <system-out/>
  <testcase classname="com.opencart.zdatadriven.TC04_DDProductreturnFunctionTest" name="productReturnTest" time="40.322"/>
  <system-out/>
  <testcase classname="com.opencart.zdatadriven.TC04_DDProductreturnFunctionTest" name="productReturnTest" time="47.769"/>
  <system-out/>
  <testcase classname="com.opencart.zdatadriven.TC04_DDProductreturnFunctionTest" name="productReturnTest" time="16.390"/>
  <system-out/>
  <testcase classname="com.opencart.zdatadriven.TC04_DDProductreturnFunctionTest" name="productReturnTest" time="22.951"/>
  <system-out/>
  <testcase classname="com.opencart.zdatadriven.TC04_DDProductreturnFunctionTest" name="productReturnTest" time="30.786"/>
  <system-out/>
  <testcase classname="com.opencart.zdatadriven.TC04_DDProductreturnFunctionTest" name="productReturnTest" time="46.156"/>
  <system-out/>
  <testcase classname="com.opencart.zdatadriven.TC04_DDProductreturnFunctionTest" name="productReturnTest" time="30.792"/>
  <system-out/>
  <testcase classname="com.opencart.zdatadriven.TC04_DDProductreturnFunctionTest" name="productReturnTest" time="29.831"/>
  <system-out/>
  <testcase classname="com.opencart.zdatadriven.TC04_DDProductreturnFunctionTest" name="productReturnTest" time="46.826"/>
  <system-out/>
  <testcase classname="com.opencart.zdatadriven.TC04_DDProductreturnFunctionTest" name="productReturnTest" time="27.820"/>
  <system-out/>
</testsuite> <!-- com.opencart.zdatadriven.TC04_DDProductreturnFunctionTest -->
