<?xml version="1.0" encoding="UTF-8"?>
<!-- Generated by org.testng.reporters.JUnitReportReporter -->
<testsuite hostname="Z422" failures="0" tests="1" name="com.opencart.testcase.TC156_SFforrandomprdttest" time="5.141" errors="0" timestamp="2023-01-17T16:09:18 IST" skipped="0">
  <testcase classname="com.opencart.testcase.TC156_SFforrandomprdttest" name="searchForDynamicProduct" time="5.141"/>
  <system-out/>
</testsuite> <!-- com.opencart.testcase.TC156_SFforrandomprdttest -->
