<?xml version="1.0" encoding="UTF-8"?>
<!-- Generated by org.testng.reporters.JUnitReportReporter -->
<testsuite hostname="Z422" failures="0" tests="1" name="com.opencart.testcase.TC156_SFforrandomprdttest" time="34.170" errors="0" timestamp="2023-01-17T19:57:08 IST" skipped="0">
  <testcase classname="com.opencart.testcase.TC156_SFforrandomprdttest" name="searchForDynamicProduct" time="34.170"/>
  <system-out/>
</testsuite> <!-- com.opencart.testcase.TC156_SFforrandomprdttest -->
