<?xml version="1.0" encoding="UTF-8"?>
<!-- Generated by org.testng.reporters.JUnitReportReporter -->
<testsuite hostname="Z422" failures="0" tests="1" name="com.opencart.testcase.TC156_SFforrandomprdttest" time="5.733" errors="0" timestamp="2023-01-11T17:35:42 IST" skipped="0">
  <testcase classname="com.opencart.testcase.TC156_SFforrandomprdttest" name="searchForDynamicProduct" time="5.733"/>
  <system-out/>
</testsuite> <!-- com.opencart.testcase.TC156_SFforrandomprdttest -->
