<?xml version="1.0" encoding="UTF-8"?>
<!-- Generated by org.testng.reporters.JUnitReportReporter -->
<testsuite hostname="Z422" failures="0" tests="1" name="com.opencart.testcase.TC043_SFexistingproducttest" time="2.689" errors="0" timestamp="2022-12-29T03:25:33 IST" skipped="0">
  <testcase classname="com.opencart.testcase.TC043_SFexistingproducttest" name="searchForExistingProduct" time="2.689"/>
  <system-out/>
</testsuite> <!-- com.opencart.testcase.TC043_SFexistingproducttest -->
