<?xml version="1.0" encoding="UTF-8"?>
<!-- Generated by org.testng.reporters.JUnitReportReporter -->
<testsuite hostname="Z422" failures="0" tests="1" name="com.opencart.testcase.TC149_SOaddtocartbylistviewtest" time="19.240" errors="0" timestamp="2023-01-08T01:36:01 IST" skipped="0">
  <testcase classname="com.opencart.testcase.TC149_SOaddtocartbylistviewtest" name="specialOfferAddToCartByListView" time="19.240"/>
  <system-out/>
</testsuite> <!-- com.opencart.testcase.TC149_SOaddtocartbylistviewtest -->
