<?xml version="1.0" encoding="UTF-8"?>
<!-- Generated by org.testng.reporters.JUnitReportReporter -->
<testsuite hostname="Z422" failures="0" tests="1" name="com.opencart.testcase.TC072_PDproductdetailstest" time="4.500" errors="0" timestamp="2022-12-31T17:10:49 IST" skipped="0">
  <testcase classname="com.opencart.testcase.TC072_PDproductdetailstest" name="productDisplayThumnail" time="4.500"/>
  <system-out/>
</testsuite> <!-- com.opencart.testcase.TC072_PDproductdetailstest -->
