<?xml version="1.0" encoding="UTF-8"?>
<!-- Generated by org.testng.reporters.JUnitReportReporter -->
<testsuite hostname="Z422" failures="0" tests="1" name="com.opencart.testcase.TC029_LFlogoutbrowserbacktest" time="10.847" errors="0" timestamp="2023-01-08T17:39:48 IST" skipped="0">
  <testcase classname="com.opencart.testcase.TC029_LFlogoutbrowserbacktest" name="loginAndLogoutBrowserBack" time="10.847"/>
  <system-out/>
</testsuite> <!-- com.opencart.testcase.TC029_LFlogoutbrowserbacktest -->
