<?xml version="1.0" encoding="UTF-8"?>
<!-- Generated by org.testng.reporters.JUnitReportReporter -->
<testsuite hostname="Z422" failures="0" tests="1" name="com.opencart.testcase.TC001_RFmndtrydatatest" time="7.108" errors="0" timestamp="2023-01-09T16:07:53 IST" skipped="0">
  <testcase classname="com.opencart.testcase.TC001_RFmndtrydatatest" name="registeringWithMandatoryField" time="7.108"/>
  <system-out/>
</testsuite> <!-- com.opencart.testcase.TC001_RFmndtrydatatest -->
