<?xml version="1.0" encoding="UTF-8"?>
<!-- Generated by org.testng.reporters.JUnitReportReporter -->
<testsuite hostname="Z422" failures="0" tests="1" name="com.opencart.testcase.TC039_FPwithblankspacetest" time="2.580" errors="0" timestamp="2022-12-28T01:30:57 IST" skipped="0">
  <testcase classname="com.opencart.testcase.TC039_FPwithblankspacetest" name="forgotPasswordWithBlankEmailTextField" time="2.580"/>
  <system-out/>
</testsuite> <!-- com.opencart.testcase.TC039_FPwithblankspacetest -->
