<?xml version="1.0" encoding="UTF-8"?>
<!-- Generated by org.testng.reporters.JUnitReportReporter -->
<testsuite hostname="Z422" failures="0" tests="1" name="com.opencart.testcase.TC131_THnavigatingpagestest" time="5.899" errors="0" timestamp="2023-01-06T21:12:18 IST" skipped="0">
  <testcase classname="com.opencart.testcase.TC131_THnavigatingpagestest" name="transcationHistoryPageNavigation" time="5.899"/>
  <system-out/>
</testsuite> <!-- com.opencart.testcase.TC131_THnavigatingpagestest -->
