<?xml version="1.0" encoding="UTF-8"?>
<!-- Generated by org.testng.reporters.JUnitReportReporter -->
<testsuite hostname="Z422" failures="0" tests="1" name="com.opencart.testcase.TC035_LOlogoutandbrowsebacktest" time="4.951" errors="0" timestamp="2023-01-08T19:21:24 IST" skipped="0">
  <testcase classname="com.opencart.testcase.TC035_LOlogoutandbrowsebacktest" name="loginAndLogoutFromRightColumn" time="4.951"/>
  <system-out/>
</testsuite> <!-- com.opencart.testcase.TC035_LOlogoutandbrowsebacktest -->
