<?xml version="1.0" encoding="UTF-8"?>
<!-- Generated by org.testng.reporters.JUnitReportReporter -->
<testsuite hostname="Z422" failures="0" tests="1" name="com.opencart.testcase.TC063_PCsubcatgrygridtest" time="3.580" errors="0" timestamp="2023-01-08T20:50:56 IST" skipped="0">
  <testcase classname="com.opencart.testcase.TC063_PCsubcatgrygridtest" name="productCompareBySubCategoryGridView" time="3.580"/>
  <system-out/>
</testsuite> <!-- com.opencart.testcase.TC063_PCsubcatgrygridtest -->
