<?xml version="1.0" encoding="UTF-8"?>
<!-- Generated by org.testng.reporters.JUnitReportReporter -->
<testsuite hostname="Z422" failures="0" tests="1" name="com.opencart.testcase.TC085_WLdefaultwishlstmsgtest" time="4.036" errors="0" timestamp="2023-01-02T01:33:22 IST" skipped="0">
  <testcase classname="com.opencart.testcase.TC085_WLdefaultwishlstmsgtest" name="wishListPageIntialMsg" time="4.036"/>
  <system-out/>
</testsuite> <!-- com.opencart.testcase.TC085_WLdefaultwishlstmsgtest -->
