<?xml version="1.0" encoding="UTF-8"?>
<!-- Generated by org.testng.reporters.JUnitReportReporter -->
<testsuite hostname="Z422" failures="0" tests="1" name="com.opencart.testcase.TC121_DLnavigationtopagetest" time="4.656" errors="0" timestamp="2023-01-05T23:53:35 IST" skipped="0">
  <testcase classname="com.opencart.testcase.TC121_DLnavigationtopagetest" name="downloadsPageNavigation" time="4.656"/>
  <system-out/>
</testsuite> <!-- com.opencart.testcase.TC121_DLnavigationtopagetest -->
