<?xml version="1.0" encoding="UTF-8"?>
<!-- Generated by org.testng.reporters.JUnitReportReporter -->
<testsuite hostname="Z422" failures="0" tests="1" name="com.opencart.testcase.TC071_PDthumnailtest" time="10.484" errors="0" timestamp="2022-12-31T16:19:22 IST" skipped="0">
  <testcase classname="com.opencart.testcase.TC071_PDthumnailtest" name="productDisplayThumnail" time="10.484"/>
  <system-out/>
</testsuite> <!-- com.opencart.testcase.TC071_PDthumnailtest -->
