<?xml version="1.0" encoding="UTF-8"?>
<!-- Generated by org.testng.reporters.JUnitReportReporter -->
<testsuite hostname="Z422" failures="0" tests="1" name="com.opencart.testcase.TC092_SCshippngtaxtest" time="7.216" errors="0" timestamp="2023-01-09T00:13:59 IST" skipped="0">
  <testcase classname="com.opencart.testcase.TC092_SCshippngtaxtest" name="shoppingCartCloseWarningMesgOfCoupen" time="7.216"/>
  <system-out/>
</testsuite> <!-- com.opencart.testcase.TC092_SCshippngtaxtest -->
