<?xml version="1.0" encoding="UTF-8"?>
<!-- Generated by org.testng.reporters.JUnitReportReporter -->
<testsuite hostname="Z422" failures="0" tests="4" name="com.opencart.testcase.TC040_FPinvalidemailidtest" time="8.989" errors="0" timestamp="2022-12-28T02:59:02 IST" skipped="0">
  <testcase classname="com.opencart.testcase.TC040_FPinvalidemailidtest" name="forgotPasswordWithInvalidEmailId" time="2.016"/>
  <system-out/>
  <testcase classname="com.opencart.testcase.TC040_FPinvalidemailidtest" name="forgotPasswordWithInvalidEmailId" time="2.943"/>
  <system-out/>
  <testcase classname="com.opencart.testcase.TC040_FPinvalidemailidtest" name="forgotPasswordWithInvalidEmailId" time="2.001"/>
  <system-out/>
  <testcase classname="com.opencart.testcase.TC040_FPinvalidemailidtest" name="forgotPasswordWithInvalidEmailId" time="2.029"/>
  <system-out/>
</testsuite> <!-- com.opencart.testcase.TC040_FPinvalidemailidtest -->
