<?xml version="1.0" encoding="UTF-8"?>
<!-- Generated by org.testng.reporters.JUnitReportReporter -->
<testsuite hostname="Z422" failures="0" tests="1" name="com.opencart.testcase.TC046_SFloginandsearchtest" time="3.599" errors="0" timestamp="2023-01-17T19:44:04 IST" skipped="0">
  <testcase classname="com.opencart.testcase.TC046_SFloginandsearchtest" name="searchByLogin" time="3.599"/>
  <system-out/>
</testsuite> <!-- com.opencart.testcase.TC046_SFloginandsearchtest -->
