<?xml version="1.0" encoding="UTF-8"?>
<!-- Generated by org.testng.reporters.JUnitReportReporter -->
<testsuite hostname="Z422" failures="0" tests="1" name="com.opencart.testcase.TC108_ABeditaddressboktest" time="12.944" errors="0" timestamp="2023-01-04T23:55:45 IST" skipped="0">
  <testcase classname="com.opencart.testcase.TC108_ABeditaddressboktest" name="addressBookEditAddress" time="12.944"/>
  <system-out/>
</testsuite> <!-- com.opencart.testcase.TC108_ABeditaddressboktest -->
