<?xml version="1.0" encoding="UTF-8"?>
<!-- Generated by org.testng.reporters.JUnitReportReporter -->
<testsuite hostname="Z422" failures="0" tests="1" name="com.opencart.testcase.TC089_SCremoveproducttest" time="11.211" errors="0" timestamp="2023-01-02T15:22:48 IST" skipped="0">
  <testcase classname="com.opencart.testcase.TC089_SCremoveproducttest" name="shoppingCartRemoveProductfromCart" time="11.211"/>
  <system-out/>
</testsuite> <!-- com.opencart.testcase.TC089_SCremoveproducttest -->
