<?xml version="1.0" encoding="UTF-8"?>
<!-- Generated by org.testng.reporters.JUnitReportReporter -->
<testsuite hostname="Z422" failures="0" tests="1" name="com.opencart.testcase.TC148_SOgridandlistviewtest" time="3.328" errors="0" timestamp="2023-01-08T00:52:49 IST" skipped="0">
  <testcase classname="com.opencart.testcase.TC148_SOgridandlistviewtest" name="specialOfferGridAndListView" time="3.328"/>
  <system-out/>
</testsuite> <!-- com.opencart.testcase.TC148_SOgridandlistviewtest -->
