<?xml version="1.0" encoding="UTF-8"?>
<!-- Generated by org.testng.reporters.JUnitReportReporter -->
<testsuite hostname="Z422" failures="0" tests="1" name="com.opencart.testcase.TC147_SPnavigatingpagetest" time="4.486" errors="0" timestamp="2023-01-07T22:05:38 IST" skipped="0">
  <testcase classname="com.opencart.testcase.TC147_SPnavigatingpagetest" name="specialOfferNavigatingToPage" time="4.486"/>
  <system-out/>
</testsuite> <!-- com.opencart.testcase.TC147_SPnavigatingpagetest -->
