<?xml version="1.0" encoding="UTF-8"?>
<!-- Generated by org.testng.reporters.JUnitReportReporter -->
<testsuite hostname="Z422" failures="0" tests="1" name="com.opencart.testcase.TC115_OIreorderingfromoitest" time="6.649" errors="0" timestamp="2023-01-05T16:11:14 IST" skipped="0">
  <testcase classname="com.opencart.testcase.TC115_OIreorderingfromoitest" name="orderInformationDesplayedDetails" time="6.649"/>
  <system-out/>
</testsuite> <!-- com.opencart.testcase.TC115_OIreorderingfromoitest -->
