<?xml version="1.0" encoding="UTF-8"?>
<!-- Generated by org.testng.reporters.JUnitReportReporter -->
<testsuite hostname="Z422" failures="0" tests="1" name="com.opencart.testcase.TC132_THnavigatebeforelogintest" time="7.530" errors="0" timestamp="2023-01-06T20:32:57 IST" skipped="0">
  <testcase classname="com.opencart.testcase.TC132_THnavigatebeforelogintest" name="transactionHistoryPageNavigationBeforeLogin" time="7.530"/>
  <system-out/>
</testsuite> <!-- com.opencart.testcase.TC132_THnavigatebeforelogintest -->
