<?xml version="1.0" encoding="UTF-8"?>
<!-- Generated by org.testng.reporters.JUnitReportReporter -->
<testsuite hostname="Z422" failures="0" tests="1" name="com.opencart.testcase.TC062_PCsubcategorytest" time="5.492" errors="0" timestamp="2022-12-30T23:12:46 IST" skipped="0">
  <testcase classname="com.opencart.testcase.TC062_PCsubcategorytest" name="productCompareBySubCategory" time="5.492"/>
  <system-out/>
</testsuite> <!-- com.opencart.testcase.TC062_PCsubcategorytest -->
