<?xml version="1.0" encoding="UTF-8"?>
<!-- Generated by org.testng.reporters.JUnitReportReporter -->
<testsuite hostname="Z422" failures="0" tests="1" name="com.opencart.testcase.TC0145_GCvalidcredentialtest" time="7.206" errors="0" timestamp="2023-01-07T21:31:55 IST" skipped="0">
  <testcase classname="com.opencart.testcase.TC0145_GCvalidcredentialtest" name="giftCertificateTestWithValidData" time="7.206"/>
  <system-out/>
</testsuite> <!-- com.opencart.testcase.TC0145_GCvalidcredentialtest -->
