<?xml version="1.0" encoding="UTF-8"?>
<!-- Generated by org.testng.reporters.JUnitReportReporter -->
<testsuite hostname="Z422" failures="0" tests="1" name="com.opencart.testcase.TC013_RFplaceholdertest" time="3.494" errors="0" timestamp="2022-12-29T01:47:55 IST" skipped="0">
  <testcase classname="com.opencart.testcase.TC013_RFplaceholdertest" name="resgistringtestForPlaceholder" time="3.494"/>
  <system-out/>
</testsuite> <!-- com.opencart.testcase.TC013_RFplaceholdertest -->
