<?xml version="1.0" encoding="UTF-8"?>
<!-- Generated by org.testng.reporters.JUnitReportReporter -->
<testsuite hostname="Z422" failures="0" tests="1" name="com.opencart.testcase.TC125_RPbeforelogintest" time="4.668" errors="0" timestamp="2023-01-06T01:44:08 IST" skipped="0">
  <testcase classname="com.opencart.testcase.TC125_RPbeforelogintest" name="rewardPointsBeforeLogin" time="4.668"/>
  <system-out/>
</testsuite> <!-- com.opencart.testcase.TC125_RPbeforelogintest -->
