<?xml version="1.0" encoding="UTF-8"?>
<!-- Generated by org.testng.reporters.JUnitReportReporter -->
<testsuite hostname="Z422" failures="0" tests="1" name="com.opencart.testcase.TC091_SCclosewarningmsgcoupentest" time="8.273" errors="0" timestamp="2023-01-02T17:27:35 IST" skipped="0">
  <testcase classname="com.opencart.testcase.TC091_SCclosewarningmsgcoupentest" name="shoppingCartCloseWarningMesgOfCoupen" time="8.273"/>
  <system-out/>
</testsuite> <!-- com.opencart.testcase.TC091_SCclosewarningmsgcoupentest -->
