<?xml version="1.0" encoding="UTF-8"?>
<!-- Generated by org.testng.reporters.JUnitReportReporter -->
<testsuite hostname="Z422" failures="0" tests="1" name="com.opencart.testcase.TC024_LFemptytextfieldtest" time="1.954" errors="0" timestamp="2022-12-27T14:46:07 IST" skipped="0">
  <testcase classname="com.opencart.testcase.TC024_LFemptytextfieldtest" name="loginWithEmptyTextField" time="1.954"/>
  <system-out/>
</testsuite> <!-- com.opencart.testcase.TC024_LFemptytextfieldtest -->
