<?xml version="1.0" encoding="UTF-8"?>
<!-- Generated by org.testng.reporters.JUnitReportReporter -->
<testsuite hostname="Z422" failures="0" tests="1" name="com.opencart.testcase.TC112_OHbeforelogintest" time="4.105" errors="0" timestamp="2023-01-05T02:41:27 IST" skipped="0">
  <testcase classname="com.opencart.testcase.TC112_OHbeforelogintest" name="orderHistoryNavigatingBeforeLogin" time="4.105"/>
  <system-out/>
</testsuite> <!-- com.opencart.testcase.TC112_OHbeforelogintest -->
