<?xml version="1.0" encoding="UTF-8"?>
<!-- Generated by org.testng.reporters.JUnitReportReporter -->
<testsuite hostname="Z422" failures="0" tests="1" name="com.opencart.testcase.TC006_RFnewletternotest" time="8.240" errors="0" timestamp="2022-12-27T15:25:40 IST" skipped="0">
  <testcase classname="com.opencart.testcase.TC006_RFnewletternotest" name="registeringWithNewsLetterAsNoOption" time="8.240"/>
  <system-out/>
</testsuite> <!-- com.opencart.testcase.TC006_RFnewletternotest -->
