<?xml version="1.0" encoding="UTF-8"?>
<!-- Generated by org.testng.reporters.JUnitReportReporter -->
<testsuite hostname="Z422" failures="0" tests="1" name="com.opencart.testcase.TC008_RFdifferentpasswordtest" time="5.373" errors="0" timestamp="2023-01-08T15:58:10 IST" skipped="0">
  <testcase classname="com.opencart.testcase.TC008_RFdifferentpasswordtest" name="registeringWithDifferentPassword" time="5.373"/>
  <system-out/>
</testsuite> <!-- com.opencart.testcase.TC008_RFdifferentpasswordtest -->
