<?xml version="1.0" encoding="UTF-8"?>
<!-- Generated by org.testng.reporters.JUnitReportReporter -->
<testsuite hostname="Z422" failures="0" tests="1" name="com.opencart.testcase.TC021_LFvalidcredentialtest" time="5.004" errors="0" timestamp="2023-01-01T00:43:32 IST" skipped="0">
  <testcase classname="com.opencart.testcase.TC021_LFvalidcredentialtest" name="loginWithValidCredentials" time="5.004"/>
  <system-out/>
</testsuite> <!-- com.opencart.testcase.TC021_LFvalidcredentialtest -->
