<?xml version="1.0" encoding="UTF-8"?>
<!-- Generated by org.testng.reporters.JUnitReportReporter -->
<testsuite hostname="Z422" failures="0" tests="2" name="com.opencart.testcase.TC144_CUinvaliddatatest" time="4.152" errors="0" timestamp="2023-01-09T16:07:55 IST" skipped="0">
  <testcase classname="com.opencart.testcase.TC144_CUinvaliddatatest" name="contactUsWithInvalidCredentials" time="2.233"/>
  <system-out/>
  <testcase classname="com.opencart.testcase.TC144_CUinvaliddatatest" name="contactUsWithInvalidCredentials" time="1.919"/>
  <system-out/>
</testsuite> <!-- com.opencart.testcase.TC144_CUinvaliddatatest -->
