<?xml version="1.0" encoding="UTF-8"?>
<!-- Generated by org.testng.reporters.JUnitReportReporter -->
<testsuite hostname="Z422" failures="0" tests="1" name="com.opencart.testcase.TC070_PCremovefrompctest" time="4.495" errors="0" timestamp="2023-01-08T20:50:56 IST" skipped="0">
  <testcase classname="com.opencart.testcase.TC070_PCremovefrompctest" name="productCompareRemovingFromComparePage" time="4.495"/>
  <system-out/>
</testsuite> <!-- com.opencart.testcase.TC070_PCremovefrompctest -->
