<?xml version="1.0" encoding="UTF-8"?>
<!-- Generated by org.testng.reporters.JUnitReportReporter -->
<testsuite hostname="Z422" failures="0" tests="1" name="com.opencart.testcase.TC051_SFbycategorytest" time="3.517" errors="0" timestamp="2022-12-29T02:48:20 IST" skipped="0">
  <testcase classname="com.opencart.testcase.TC051_SFbycategorytest" name="seachForNonExistingProduct" time="3.517"/>
  <system-out/>
</testsuite> <!-- com.opencart.testcase.TC051_SFbycategorytest -->
