<?xml version="1.0" encoding="UTF-8"?>
<!-- Generated by org.testng.reporters.JUnitReportReporter -->
<testsuite hostname="Z422" failures="0" tests="1" name="com.opencart.testcase.TC082_WLfromproductdisplaytest" time="14.440" errors="0" timestamp="2023-01-01T22:05:16 IST" skipped="0">
  <testcase classname="com.opencart.testcase.TC082_WLfromproductdisplaytest" name="wishListFromProductDisplayPage" time="14.440"/>
  <system-out/>
</testsuite> <!-- com.opencart.testcase.TC082_WLfromproductdisplaytest -->
