<?xml version="1.0" encoding="UTF-8"?>
<!-- Generated by org.testng.reporters.JUnitReportReporter -->
<testsuite hostname="Z422" failures="0" tests="1" name="com.opencart.testcase.TC130_RSreturnprdtinfotest" time="5.770" errors="0" timestamp="2023-01-06T17:51:31 IST" skipped="0">
  <testcase classname="com.opencart.testcase.TC130_RSreturnprdtinfotest" name="returnsProductsDetails" time="5.770"/>
  <system-out/>
</testsuite> <!-- com.opencart.testcase.TC130_RSreturnprdtinfotest -->
