<?xml version="1.0" encoding="UTF-8"?>
<!-- Generated by org.testng.reporters.JUnitReportReporter -->
<testsuite hostname="Z422" failures="0" tests="1" name="com.opencart.testcase.TC084_WLonnewwindowtest" time="7.203" errors="0" timestamp="2023-01-11T19:57:02 IST" skipped="0">
  <testcase classname="com.opencart.testcase.TC084_WLonnewwindowtest" name="wishListAddProductFromNewWindow" time="7.203"/>
  <system-out/>
</testsuite> <!-- com.opencart.testcase.TC084_WLonnewwindowtest -->
