<?xml version="1.0" encoding="UTF-8"?>
<!-- Generated by org.testng.reporters.JUnitReportReporter -->
<testsuite hostname="Z422" failures="0" tests="1" name="com.opencart.testcase.TC142_CUfromorderpagetest" time="19.722" errors="0" timestamp="2023-01-07T14:40:01 IST" skipped="0">
  <testcase classname="com.opencart.testcase.TC142_CUfromorderpagetest" name="checkOutNavigationFromHomePage" time="19.722"/>
  <system-out/>
</testsuite> <!-- com.opencart.testcase.TC142_CUfromorderpagetest -->
