<?xml version="1.0" encoding="UTF-8"?>
<!-- Generated by org.testng.reporters.JUnitReportReporter -->
<testsuite hostname="Z422" failures="0" tests="1" name="com.opencart.testcase.TC086_SCbyhederoptiontest" time="5.742" errors="0" timestamp="2023-01-09T16:07:52 IST" skipped="0">
  <testcase classname="com.opencart.testcase.TC086_SCbyhederoptiontest" name="shoppingCartNavigationFromHeaderOption" time="5.742"/>
  <system-out/>
</testsuite> <!-- com.opencart.testcase.TC086_SCbyhederoptiontest -->
