<?xml version="1.0" encoding="UTF-8"?>
<!-- Generated by org.testng.reporters.JUnitReportReporter -->
<testsuite hostname="Z422" failures="0" tests="1" name="com.opencart.testcase.TC146_GCinvalidcredentialtest" time="7.078" errors="0" timestamp="2023-01-07T21:44:12 IST" skipped="0">
  <testcase classname="com.opencart.testcase.TC146_GCinvalidcredentialtest" name="giftCertificateTestWithInValidData" time="7.078"/>
  <system-out/>
</testsuite> <!-- com.opencart.testcase.TC146_GCinvalidcredentialtest -->
