<?xml version="1.0" encoding="UTF-8"?>
<!-- Generated by org.testng.reporters.JUnitReportReporter -->
<testsuite hostname="Z422" failures="0" tests="1" name="com.opencart.testcase.TC117_OIreturnohpagetest" time="8.378" errors="0" timestamp="2023-01-05T17:53:16 IST" skipped="0">
  <testcase classname="com.opencart.testcase.TC117_OIreturnohpagetest" name="orderInformationReturnToOrderHistoryPage" time="8.378"/>
  <system-out/>
</testsuite> <!-- com.opencart.testcase.TC117_OIreturnohpagetest -->
