<?xml version="1.0" encoding="UTF-8"?>
<!-- Generated by org.testng.reporters.JUnitReportReporter -->
<testsuite hostname="Z422" failures="0" tests="1" name="com.opencart.testcase.TC065_PCfromhomepagetest" time="2.393" errors="0" timestamp="2023-01-18T01:02:05 IST" skipped="0">
  <testcase classname="com.opencart.testcase.TC065_PCfromhomepagetest" name="productCompareFromHomePage" time="2.393"/>
  <system-out/>
</testsuite> <!-- com.opencart.testcase.TC065_PCfromhomepagetest -->
