<?xml version="1.0" encoding="UTF-8"?>
<!-- Generated by org.testng.reporters.JUnitReportReporter -->
<testsuite hostname="Z422" failures="0" tests="4" name="com.opencart.testcase.TC040_FPinvalidemailidtest" time="11.308" errors="0" timestamp="2023-01-08T19:48:19 IST" skipped="0">
  <testcase classname="com.opencart.testcase.TC040_FPinvalidemailidtest" name="forgotPasswordWithInvalidEmailId" time="1.999"/>
  <system-out/>
  <testcase classname="com.opencart.testcase.TC040_FPinvalidemailidtest" name="forgotPasswordWithInvalidEmailId" time="2.102"/>
  <system-out/>
  <testcase classname="com.opencart.testcase.TC040_FPinvalidemailidtest" name="forgotPasswordWithInvalidEmailId" time="2.404"/>
  <system-out/>
  <testcase classname="com.opencart.testcase.TC040_FPinvalidemailidtest" name="forgotPasswordWithInvalidEmailId" time="4.803"/>
  <system-out/>
</testsuite> <!-- com.opencart.testcase.TC040_FPinvalidemailidtest -->
