<?xml version="1.0" encoding="UTF-8"?>
<!-- Generated by org.testng.reporters.JUnitReportReporter -->
<testsuite hostname="Z422" failures="0" tests="1" name="com.opencart.testcase.TC038_FPresetpaswrdunregistrdtest" time="12.371" errors="0" timestamp="2022-12-28T01:17:19 IST" skipped="0">
  <testcase classname="com.opencart.testcase.TC038_FPresetpaswrdunregistrdtest" name="ForgotPasswordWithUnregisteredEmail" time="12.371"/>
  <system-out/>
</testsuite> <!-- com.opencart.testcase.TC038_FPresetpaswrdunregistrdtest -->
