<?xml version="1.0" encoding="UTF-8"?>
<!-- Generated by org.testng.reporters.JUnitReportReporter -->
<testsuite hostname="Z422" failures="0" tests="1" name="com.opencart.testcase.TC016_RFprivercypolicytest" time="1.314" errors="0" timestamp="2022-12-27T14:46:08 IST" skipped="0">
  <testcase classname="com.opencart.testcase.TC016_RFprivercypolicytest" name="registartiontestForPrivercyPolicy" time="1.314"/>
  <system-out/>
</testsuite> <!-- com.opencart.testcase.TC016_RFprivercypolicytest -->
