<?xml version="1.0" encoding="UTF-8"?>
<!-- Generated by org.testng.reporters.JUnitReportReporter -->
<testsuite hostname="Z422" failures="0" tests="1" name="com.opencart.testcase.TC140_NLregisteryesoptiontest" time="7.147" errors="0" timestamp="2023-01-07T13:33:41 IST" skipped="0">
  <testcase classname="com.opencart.testcase.TC140_NLregisteryesoptiontest" name="registeringWithNewsLetter" time="7.147"/>
  <system-out/>
</testsuite> <!-- com.opencart.testcase.TC140_NLregisteryesoptiontest -->
