<?xml version="1.0" encoding="UTF-8"?>
<!-- Generated by org.testng.reporters.JUnitReportReporter -->
<testsuite hostname="Z422" failures="0" tests="1" name="com.opencart.testcase.TC068_PCnavigatehometest" time="3.017" errors="0" timestamp="2022-12-31T02:24:29 IST" skipped="0">
  <testcase classname="com.opencart.testcase.TC068_PCnavigatehometest" name="productCompareAndNavigateHomePage" time="3.017"/>
  <system-out/>
</testsuite> <!-- com.opencart.testcase.TC068_PCnavigatehometest -->
