<?xml version="1.0" encoding="UTF-8"?>
<!-- Generated by org.testng.reporters.JUnitReportReporter -->
<testsuite hostname="Z422" failures="0" tests="1" name="com.opencart.testcase.TC046_SFloginandsearch" time="11.847" errors="0" timestamp="2022-12-29T03:13:36 IST" skipped="0">
  <testcase classname="com.opencart.testcase.TC046_SFloginandsearch" name="searchByLogin" time="11.847"/>
  <system-out/>
</testsuite> <!-- com.opencart.testcase.TC046_SFloginandsearch -->
