<?xml version="1.0" encoding="UTF-8"?>
<!-- Generated by org.testng.reporters.JUnitReportReporter -->
<testsuite hostname="Z422" failures="0" tests="1" name="com.opencart.testcase.TC014_RFleadtrailspacetest" time="4.971" errors="0" timestamp="2022-12-27T14:46:07 IST" skipped="0">
  <testcase classname="com.opencart.testcase.TC014_RFleadtrailspacetest" name="registratingWithOnlyEmptySpaces" time="4.971"/>
  <system-out/>
</testsuite> <!-- com.opencart.testcase.TC014_RFleadtrailspacetest -->
