<?xml version="1.0" encoding="UTF-8"?>
<!-- Generated by org.testng.reporters.JUnitReportReporter -->
<testsuite hostname="Z422" failures="0" tests="1" name="com.opencart.testcase.TC113_OHnaviagtetoaccountpgtest" time="5.904" errors="0" timestamp="2023-01-09T01:00:05 IST" skipped="0">
  <testcase classname="com.opencart.testcase.TC113_OHnaviagtetoaccountpgtest" name="orderHistoryNavigatingToAccontPage" time="5.904"/>
  <system-out/>
</testsuite> <!-- com.opencart.testcase.TC113_OHnaviagtetoaccountpgtest -->
