<?xml version="1.0" encoding="UTF-8"?>
<!-- Generated by org.testng.reporters.JUnitReportReporter -->
<testsuite hostname="Z422" failures="0" tests="3" name="com.opencart.testcase.TC010_RFinvalidemailtest" time="30.071" errors="0" timestamp="2023-01-08T15:58:10 IST" skipped="0">
  <testcase classname="com.opencart.testcase.TC010_RFinvalidemailtest" name="registrationWithInvalidEmail" time="12.761"/>
  <system-out/>
  <testcase classname="com.opencart.testcase.TC010_RFinvalidemailtest" name="registrationWithInvalidEmail" time="3.996"/>
  <system-out/>
  <testcase classname="com.opencart.testcase.TC010_RFinvalidemailtest" name="registrationWithInvalidEmail" time="13.314"/>
  <system-out/>
</testsuite> <!-- com.opencart.testcase.TC010_RFinvalidemailtest -->
