<?xml version="1.0" encoding="UTF-8"?>
<!-- Generated by org.testng.reporters.JUnitReportReporter -->
<testsuite hostname="Z422" failures="0" tests="1" name="com.opencart.testcase.TC041_FPandnavigatebacktest" time="1.555" errors="0" timestamp="2023-01-09T16:07:55 IST" skipped="0">
  <testcase classname="com.opencart.testcase.TC041_FPandnavigatebacktest" name="forgotPasswordAndNavigatingBack" time="1.555"/>
  <system-out/>
</testsuite> <!-- com.opencart.testcase.TC041_FPandnavigatebacktest -->
