<?xml version="1.0" encoding="UTF-8"?>
<!-- Generated by org.testng.reporters.JUnitReportReporter -->
<testsuite hostname="Z422" failures="0" tests="1" name="com.opencart.testcase.TC012_RFkeyboardactiontest" time="4.283" errors="0" timestamp="2023-01-09T16:07:55 IST" skipped="0">
  <testcase classname="com.opencart.testcase.TC012_RFkeyboardactiontest" name="registeringWithKeyboardActions" time="4.283"/>
  <system-out/>
</testsuite> <!-- com.opencart.testcase.TC012_RFkeyboardactiontest -->
