<?xml version="1.0" encoding="UTF-8"?>
<!-- Generated by org.testng.reporters.JUnitReportReporter -->
<testsuite hostname="Z422" failures="0" tests="1" name="com.opencart.testcase.TC001_RFMandatoryFieldTest" time="10.728" errors="0" timestamp="2022-12-23T14:27:13 IST" skipped="0">
  <testcase classname="com.opencart.testcase.TC001_RFMandatoryFieldTest" name="registeringWithMandatoryField" time="10.728"/>
  <system-out/>
</testsuite> <!-- com.opencart.testcase.TC001_RFMandatoryFieldTest -->
