<?xml version="1.0" encoding="UTF-8"?>
<!-- Generated by org.testng.reporters.JUnitReportReporter -->
<testsuite hostname="Z422" failures="0" tests="1" name="com.opencart.testcase.TC090_SCcoupencodetest" time="9.427" errors="0" timestamp="2023-01-02T15:46:04 IST" skipped="0">
  <testcase classname="com.opencart.testcase.TC090_SCcoupencodetest" name="shoppingCartCoupenTest" time="9.427"/>
  <system-out/>
</testsuite> <!-- com.opencart.testcase.TC090_SCcoupencodetest -->
