<?xml version="1.0" encoding="UTF-8"?>
<!-- Generated by org.testng.reporters.JUnitReportReporter -->
<testsuite hostname="Z422" failures="0" tests="1" name="com.opencart.testcase.TC083_WLnavigatingtowishlisttest" time="1.239" errors="0" timestamp="2023-01-01T23:09:01 IST" skipped="0">
  <testcase classname="com.opencart.testcase.TC083_WLnavigatingtowishlisttest" name="wishListPageNavigatingWithDifferentLinks" time="1.239"/>
  <system-out/>
</testsuite> <!-- com.opencart.testcase.TC083_WLnavigatingtowishlisttest -->
