<?xml version="1.0" encoding="UTF-8"?>
<!-- Generated by org.testng.reporters.JUnitReportReporter -->
<testsuite hostname="Z422" failures="0" tests="3" name="com.opencart.testcase.TC030_LFlogininvalidattempttest" time="5.902" errors="0" timestamp="2023-01-08T17:42:45 IST" skipped="0">
  <testcase classname="com.opencart.testcase.TC030_LFlogininvalidattempttest" name="loginWithUnsucessfullAttemps" time="1.913"/>
  <system-out/>
  <testcase classname="com.opencart.testcase.TC030_LFlogininvalidattempttest" name="loginWithUnsucessfullAttemps" time="2.269"/>
  <system-out/>
  <testcase classname="com.opencart.testcase.TC030_LFlogininvalidattempttest" name="loginWithUnsucessfullAttemps" time="1.720"/>
  <system-out/>
</testsuite> <!-- com.opencart.testcase.TC030_LFlogininvalidattempttest -->
