<?xml version="1.0" encoding="UTF-8"?>
<!-- Generated by org.testng.reporters.JUnitReportReporter -->
<testsuite hostname="Z422" failures="0" tests="1" name="com.opencart.testcase.TC115_OIreorderingfromoitest" time="5.221" errors="0" timestamp="2023-01-09T01:00:06 IST" skipped="0">
  <testcase classname="com.opencart.testcase.TC115_OIreorderingfromoitest" name="orderInformationReorderProduct" time="5.221"/>
  <system-out/>
</testsuite> <!-- com.opencart.testcase.TC115_OIreorderingfromoitest -->
