<?xml version="1.0" encoding="UTF-8"?>
<!-- Generated by org.testng.reporters.JUnitReportReporter -->
<testsuite hostname="Z422" failures="0" tests="1" name="com.opencart.testcase.TC104_MAIemptyfieldtest" time="14.188" errors="0" timestamp="2023-01-04T14:50:36 IST" skipped="0">
  <testcase classname="com.opencart.testcase.TC104_MAIemptyfieldtest" name="myAccountInfoEmptyFieldTest" time="14.188"/>
  <system-out/>
</testsuite> <!-- com.opencart.testcase.TC104_MAIemptyfieldtest -->
