<?xml version="1.0" encoding="UTF-8"?>
<!-- Generated by org.testng.reporters.JUnitReportReporter -->
<testsuite hostname="Z422" failures="0" tests="1" name="com.opencart.testcase.TC111_OHdifferentnavigationtest" time="7.692" errors="0" timestamp="2023-01-05T02:12:36 IST" skipped="0">
  <testcase classname="com.opencart.testcase.TC111_OHdifferentnavigationtest" name="orderHistoryNavigationTest" time="7.692"/>
  <system-out/>
</testsuite> <!-- com.opencart.testcase.TC111_OHdifferentnavigationtest -->
