<?xml version="1.0" encoding="UTF-8"?>
<!-- Generated by org.testng.reporters.JUnitReportReporter -->
<testsuite hostname="Z422" failures="0" tests="1" name="com.opencart.testcase.TC045_SFemptysearchtest" time="2.641" errors="0" timestamp="2022-12-29T00:06:57 IST" skipped="0">
  <testcase classname="com.opencart.testcase.TC045_SFemptysearchtest" name="SearchWithEmptyTextField" time="2.641"/>
  <system-out/>
</testsuite> <!-- com.opencart.testcase.TC045_SFemptysearchtest -->
