<?xml version="1.0" encoding="UTF-8"?>
<!-- Generated by org.testng.reporters.JUnitReportReporter -->
<testsuite hostname="Z422" failures="0" tests="1" name="com.opencart.testcase.TC076_PDaddtocarttest" time="14.482" errors="0" timestamp="2023-01-08T22:38:58 IST" skipped="0">
  <testcase classname="com.opencart.testcase.TC076_PDaddtocarttest" name="productDisplayAddToCartTest" time="14.482"/>
  <system-out/>
</testsuite> <!-- com.opencart.testcase.TC076_PDaddtocarttest -->
