<?xml version="1.0" encoding="UTF-8"?>
<!-- Generated by org.testng.reporters.JUnitReportReporter -->
<testsuite hostname="Z422" failures="0" tests="1" name="com.opencart.testcase.TC101_MAnavigatefromordersuccesstest" time="29.427" errors="0" timestamp="2023-01-04T00:49:26 IST" skipped="0">
  <testcase classname="com.opencart.testcase.TC101_MAnavigatefromordersuccesstest" name="myAccountNavigationFromOrderSuccessPage" time="29.427"/>
  <system-out/>
</testsuite> <!-- com.opencart.testcase.TC101_MAnavigatefromordersuccesstest -->
