<?xml version="1.0" encoding="UTF-8"?>
<!-- Generated by org.testng.reporters.JUnitReportReporter -->
<testsuite hostname="Z422" failures="0" tests="1" name="com.opencart.testcase.TC027_LFloginplaceholdertest" time="1.185" errors="0" timestamp="2023-01-08T16:39:14 IST" skipped="0">
  <testcase classname="com.opencart.testcase.TC027_LFloginplaceholdertest" name="logintestForPlacholder" time="1.185"/>
  <system-out/>
</testsuite> <!-- com.opencart.testcase.TC027_LFloginplaceholdertest -->
