<?xml version="1.0" encoding="UTF-8"?>
<!-- Generated by org.testng.reporters.JUnitReportReporter -->
<testsuite hostname="Z422" failures="0" tests="1" name="com.opencart.testcase.TC003_RFAllFieldTest" time="5.812" errors="0" timestamp="2022-12-23T14:27:13 IST" skipped="0">
  <testcase classname="com.opencart.testcase.TC003_RFAllFieldTest" name="registeringWithAllFileds" time="5.812"/>
  <system-out/>
</testsuite> <!-- com.opencart.testcase.TC003_RFAllFieldTest -->
