<?xml version="1.0" encoding="UTF-8"?>
<!-- Generated by org.testng.reporters.JUnitReportReporter -->
<testsuite hostname="Z422" failures="0" tests="1" name="com.opencart.testcase.TC079_ACbysearchpagetest" time="12.975" errors="0" timestamp="2023-01-01T13:56:47 IST" skipped="0">
  <testcase classname="com.opencart.testcase.TC079_ACbysearchpagetest" name="addToCartBySearchPage" time="12.975"/>
  <system-out/>
</testsuite> <!-- com.opencart.testcase.TC079_ACbysearchpagetest -->
