<?xml version="1.0" encoding="UTF-8"?>
<!-- Generated by org.testng.reporters.JUnitReportReporter -->
<testsuite hostname="Z422" failures="0" tests="1" name="com.opencart.testcase.TC015_RFemptyspacejsontest" time="41.685" errors="0" timestamp="2022-12-27T16:18:48 IST" skipped="0">
  <testcase classname="com.opencart.testcase.TC015_RFemptyspacejsontest" name="registartionWithEmptySpaceByJSON" time="41.685"/>
  <system-out/>
</testsuite> <!-- com.opencart.testcase.TC015_RFemptyspacejsontest -->
