<?xml version="1.0" encoding="UTF-8"?>
<!-- Generated by org.testng.reporters.JUnitReportReporter -->
<testsuite hostname="Z422" failures="0" tests="1" name="com.opencart.testcase.TC087_SCupdateqtytest" time="8.792" errors="0" timestamp="2023-01-02T13:42:06 IST" skipped="0">
  <testcase classname="com.opencart.testcase.TC087_SCupdateqtytest" name="shoppingCartNavigationFromHeaderOption" time="8.792"/>
  <system-out/>
</testsuite> <!-- com.opencart.testcase.TC087_SCupdateqtytest -->
