<?xml version="1.0" encoding="UTF-8"?>
<!-- Generated by org.testng.reporters.JUnitReportReporter -->
<testsuite hostname="Z422" failures="0" tests="1" name="com.opencart.testcase.TC095_HMnavigtetopctest" time="3.083" errors="0" timestamp="2023-01-03T01:00:50 IST" skipped="0">
  <testcase classname="com.opencart.testcase.TC095_HMnavigtetopctest" name="homePageNavigationToPc" time="3.083"/>
  <system-out/>
</testsuite> <!-- com.opencart.testcase.TC095_HMnavigtetopctest -->
