<?xml version="1.0" encoding="UTF-8"?>
<!-- Generated by org.testng.reporters.JUnitReportReporter -->
<testsuite hostname="Z422" failures="0" tests="2" name="com.opencart.testcase.TC074_PDvalidatereviewtabtest" time="26.715" errors="0" timestamp="2023-01-08T22:24:40 IST" skipped="0">
  <testcase classname="com.opencart.testcase.TC074_PDvalidatereviewtabtest" name="productDisplayWriteReview" time="5.557"/>
  <system-out/>
  <testcase classname="com.opencart.testcase.TC074_PDvalidatereviewtabtest" name="productDisplayWriteReview" time="21.158"/>
  <system-out/>
</testsuite> <!-- com.opencart.testcase.TC074_PDvalidatereviewtabtest -->
