<?xml version="1.0" encoding="UTF-8"?>
<!-- Generated by org.testng.reporters.JUnitReportReporter -->
<testsuite hostname="Z422" failures="0" tests="1" name="com.opencart.testcase.TC050_SFbyproductdiscrpttest" time="6.143" errors="0" timestamp="2022-12-29T15:41:11 IST" skipped="0">
  <testcase classname="com.opencart.testcase.TC050_SFbyproductdiscrpttest" name="seachForNonExistingProduct" time="6.143"/>
  <system-out/>
</testsuite> <!-- com.opencart.testcase.TC050_SFbyproductdiscrpttest -->
