<?xml version="1.0" encoding="UTF-8"?>
<!-- Generated by org.testng.reporters.JUnitReportReporter -->
<testsuite hostname="Z422" failures="0" tests="1" name="com.opencart.testcase.TC093_SCusegifttest" time="9.919" errors="0" timestamp="2023-01-02T21:13:50 IST" skipped="0">
  <testcase classname="com.opencart.testcase.TC093_SCusegifttest" name="shoppingCartUseGiftCertificate" time="9.919"/>
  <system-out/>
</testsuite> <!-- com.opencart.testcase.TC093_SCusegifttest -->
