<?xml version="1.0" encoding="UTF-8"?>
<!-- Generated by org.testng.reporters.JUnitReportReporter -->
<testsuite hostname="Z422" failures="0" tests="1" name="com.opencart.testcase.TC103_MAIupdateaccountdetailstest" time="13.659" errors="0" timestamp="2023-01-04T14:52:32 IST" skipped="0">
  <testcase classname="com.opencart.testcase.TC103_MAIupdateaccountdetailstest" name="myAccountInfoEditAccountInfo" time="13.659"/>
  <system-out/>
</testsuite> <!-- com.opencart.testcase.TC103_MAIupdateaccountdetailstest -->
