<?xml version="1.0" encoding="UTF-8"?>
<!-- Generated by org.testng.reporters.JUnitReportReporter -->
<testsuite hostname="Z422" failures="0" tests="1" name="com.opencart.testcase.TC102_MAnavigtefromhomepagetest" time="2.969" errors="0" timestamp="2023-01-04T01:33:36 IST" skipped="0">
  <testcase classname="com.opencart.testcase.TC102_MAnavigtefromhomepagetest" name="myAccountNavigationBySitemap" time="2.969"/>
  <system-out/>
</testsuite> <!-- com.opencart.testcase.TC102_MAnavigtefromhomepagetest -->
