<?xml version="1.0" encoding="UTF-8"?>
<!-- Generated by org.testng.reporters.JUnitReportReporter -->
<testsuite hostname="Z422" failures="0" tests="1" name="com.opencart.testcase.TC114_OIdisplaydinfotest" time="8.641" errors="0" timestamp="2023-01-05T15:09:43 IST" skipped="0">
  <testcase classname="com.opencart.testcase.TC114_OIdisplaydinfotest" name="orderInformationDesplayedDetails" time="8.641"/>
  <system-out/>
</testsuite> <!-- com.opencart.testcase.TC114_OIdisplaydinfotest -->
