<?xml version="1.0" encoding="UTF-8"?>
<!-- Generated by org.testng.reporters.JUnitReportReporter -->
<testsuite hostname="Z422" failures="0" tests="1" name="com.opencart.testcase.TC001_LFvalidcredentialtest" time="9.600" errors="0" timestamp="2022-12-25T16:00:16 IST" skipped="0">
  <testcase classname="com.opencart.testcase.TC001_LFvalidcredentialtest" name="loginWithValidCredentials" time="9.600"/>
  <system-out/>
</testsuite> <!-- com.opencart.testcase.TC001_LFvalidcredentialtest -->
