<?xml version="1.0" encoding="UTF-8"?>
<!-- Generated by org.testng.reporters.JUnitReportReporter -->
<testsuite hostname="Z422" failures="0" tests="3" name="com.opencart.testcase.TC010_RFinvalidemailtest" time="43.116" errors="0" timestamp="2023-01-09T16:07:56 IST" skipped="0">
  <testcase classname="com.opencart.testcase.TC010_RFinvalidemailtest" name="registrationWithInvalidEmail" time="24.439"/>
  <system-out/>
  <testcase classname="com.opencart.testcase.TC010_RFinvalidemailtest" name="registrationWithInvalidEmail" time="12.832"/>
  <system-out/>
  <testcase classname="com.opencart.testcase.TC010_RFinvalidemailtest" name="registrationWithInvalidEmail" time="5.845"/>
  <system-out/>
</testsuite> <!-- com.opencart.testcase.TC010_RFinvalidemailtest -->
