<?xml version="1.0" encoding="UTF-8"?>
<!-- Generated by org.testng.reporters.JUnitReportReporter -->
<testsuite hostname="Z422" failures="0" tests="1" name="com.opencart.testcase.TC001_RFmndtrydatatest" time="8.298" errors="0" timestamp="2023-01-17T14:35:54 IST" skipped="0">
  <testcase classname="com.opencart.testcase.TC001_RFmndtrydatatest" name="registeringWithMandatoryField" time="8.298"/>
  <system-out/>
</testsuite> <!-- com.opencart.testcase.TC001_RFmndtrydatatest -->
