<?xml version="1.0" encoding="UTF-8"?>
<!-- Generated by org.testng.reporters.JUnitReportReporter -->
<testsuite hostname="Z422" failures="0" tests="1" name="com.opencart.testcase.TC003_RFallfielddatatest" time="14.871" errors="0" timestamp="2022-12-27T14:46:07 IST" skipped="0">
  <testcase classname="com.opencart.testcase.TC003_RFallfielddatatest" name="registeringWithAllFileds" time="14.871"/>
  <system-out/>
</testsuite> <!-- com.opencart.testcase.TC003_RFallfielddatatest -->
