<?xml version="1.0" encoding="UTF-8"?>
<!-- Generated by org.testng.reporters.JUnitReportReporter -->
<testsuite hostname="Z422" failures="0" tests="1" name="com.opencart.testcase.TC004_RFwithoutdatatest" time="3.093" errors="0" timestamp="2023-01-11T20:14:01 IST" skipped="0">
  <testcase classname="com.opencart.testcase.TC004_RFwithoutdatatest" name="registeringwithoutAnyDataInFields" time="3.093"/>
  <system-out/>
</testsuite> <!-- com.opencart.testcase.TC004_RFwithoutdatatest -->
