<?xml version="1.0" encoding="UTF-8"?>
<!-- Generated by org.testng.reporters.JUnitReportReporter -->
<testsuite hostname="Z422" failures="0" tests="1" name="com.opencart.testcase.TC29_LFlogoutbrowserbacktest" time="7.454" errors="0" timestamp="2022-12-26T01:52:11 IST" skipped="0">
  <testcase classname="com.opencart.testcase.TC29_LFlogoutbrowserbacktest" name="loginAndLogoutBrowserBack" time="7.454"/>
  <system-out/>
</testsuite> <!-- com.opencart.testcase.TC29_LFlogoutbrowserbacktest -->
