<?xml version="1.0" encoding="UTF-8"?>
<!-- Generated by org.testng.reporters.JUnitReportReporter -->
<testsuite hostname="Z422" failures="0" tests="1" name="com.opencart.testcase.TC080_ACbyprdtdisplaypagetest" time="44.597" errors="0" timestamp="2023-01-08T23:30:07 IST" skipped="0">
  <testcase classname="com.opencart.testcase.TC080_ACbyprdtdisplaypagetest" name="addToCartByProductDisplayPage" time="44.597"/>
  <system-out/>
</testsuite> <!-- com.opencart.testcase.TC080_ACbyprdtdisplaypagetest -->
