<?xml version="1.0" encoding="UTF-8"?>
<!-- Generated by org.testng.reporters.JUnitReportReporter -->
<testsuite hostname="Z422" failures="0" tests="1" name="com.opencart.testcase.TC145_GCvalidcredentialtest" time="8.448" errors="0" timestamp="2023-01-07T21:36:04 IST" skipped="0">
  <testcase classname="com.opencart.testcase.TC145_GCvalidcredentialtest" name="giftCertificateTestWithValidData" time="8.448"/>
  <system-out/>
</testsuite> <!-- com.opencart.testcase.TC145_GCvalidcredentialtest -->
