<?xml version="1.0" encoding="UTF-8"?>
<!-- Generated by org.testng.reporters.JUnitReportReporter -->
<testsuite hostname="Z422" failures="0" tests="1" name="com.opencart.testcase.TC013_RFplaceholdertest" time="1.498" errors="0" timestamp="2023-01-09T16:07:53 IST" skipped="0">
  <testcase classname="com.opencart.testcase.TC013_RFplaceholdertest" name="resgistringtestForPlaceholder" time="1.498"/>
  <system-out/>
</testsuite> <!-- com.opencart.testcase.TC013_RFplaceholdertest -->
