<?xml version="1.0" encoding="UTF-8"?>
<!-- Generated by org.testng.reporters.JUnitReportReporter -->
<testsuite hostname="Z422" failures="0" tests="2" name="com.opencart.testcase.TC120_PRinvaidemailidtest" time="16.543" errors="0" timestamp="2023-01-09T16:07:56 IST" skipped="0">
  <testcase classname="com.opencart.testcase.TC120_PRinvaidemailidtest" name="productReturnWithInvalidEmailId" time="7.747"/>
  <system-out/>
  <testcase classname="com.opencart.testcase.TC120_PRinvaidemailidtest" name="productReturnWithInvalidEmailId" time="8.796"/>
  <system-out/>
</testsuite> <!-- com.opencart.testcase.TC120_PRinvaidemailidtest -->
