<?xml version="1.0" encoding="UTF-8"?>
<!-- Generated by org.testng.reporters.JUnitReportReporter -->
<testsuite hostname="Z422" failures="0" tests="1" name="com.opencart.testcase.TC069_PConeprdttest" time="6.911" errors="0" timestamp="2022-12-31T14:16:45 IST" skipped="0">
  <testcase classname="com.opencart.testcase.TC069_PConeprdttest" name="productCompareByOneProductAdded" time="6.911"/>
  <system-out/>
</testsuite> <!-- com.opencart.testcase.TC069_PConeprdttest -->
