<?xml version="1.0" encoding="UTF-8"?>
<!-- Generated by org.testng.reporters.JUnitReportReporter -->
<testsuite hostname="Z422" failures="0" tests="1" name="com.opencart.testcase.TC076_PDaddtocarttest" time="22.559" errors="0" timestamp="2023-01-02T11:43:48 IST" skipped="0">
  <testcase classname="com.opencart.testcase.TC076_PDaddtocarttest" name="productDisplayAddToWishList" time="22.559"/>
  <system-out/>
</testsuite> <!-- com.opencart.testcase.TC076_PDaddtocarttest -->
