<?xml version="1.0" encoding="UTF-8"?>
<!-- Generated by org.testng.reporters.JUnitReportReporter -->
<testsuite hostname="Z422" failures="0" tests="1" name="com.opencart.testcase.TC042_FPvalueattributetest" time="2.186" errors="0" timestamp="2023-01-08T20:22:53 IST" skipped="0">
  <testcase classname="com.opencart.testcase.TC042_FPvalueattributetest" name="forgotPasswordCheckForValueAttribute" time="2.186"/>
  <system-out/>
</testsuite> <!-- com.opencart.testcase.TC042_FPvalueattributetest -->
