<?xml version="1.0" encoding="UTF-8"?>
<!-- Generated by org.testng.reporters.JUnitReportReporter -->
<testsuite hostname="Z422" failures="0" tests="1" name="com.opencart.testcase.TC057_SFnavigatebysitemaptest" time="1.803" errors="0" timestamp="2022-12-30T00:49:38 IST" skipped="0">
  <testcase classname="com.opencart.testcase.TC057_SFnavigatebysitemaptest" name="SearchByNavigatigThroughSiteMap" time="1.803"/>
  <system-out/>
</testsuite> <!-- com.opencart.testcase.TC057_SFnavigatebysitemaptest -->
