<?xml version="1.0" encoding="UTF-8"?>
<!-- Generated by org.testng.reporters.JUnitReportReporter -->
<testsuite hostname="Z422" failures="0" tests="1" name="com.opencart.testcase.TC015_RFemptyspacejsontest" time="4.194" errors="0" timestamp="2022-12-27T22:30:12 IST" skipped="0">
  <testcase classname="com.opencart.testcase.TC015_RFemptyspacejsontest" name="registartionWithEmptySpaceByJSON" time="4.194"/>
  <system-out/>
</testsuite> <!-- com.opencart.testcase.TC015_RFemptyspacejsontest -->
